[0.016s] Invoking command in '/home/purvanya/projects/perception_summer/build/cone_tracker': CMAKE_PREFIX_PATH=${CMAKE_PREFIX_PATH}:/home/purvanya/projects/perception_summer/install/perception_summer:/home/purvanya/projects/EUFS/install/eufs_launcher:/home/purvanya/projects/EUFS/install/eufs_tracks:/home/purvanya/projects/EUFS/install/eufs_rqt:/home/purvanya/projects/EUFS/install/eufs_racecar:/opt/ros/humble /usr/bin/cmake --build /home/purvanya/projects/perception_summer/build/cone_tracker -- -j12 -l12
[0.037s] -- Found ament_cmake: 1.3.11 (/opt/ros/humble/share/ament_cmake/cmake)
[0.156s] -- Found rclcpp: 16.0.11 (/opt/ros/humble/share/rclcpp/cmake)
[0.177s] -- Found rosidl_generator_c: 3.1.6 (/opt/ros/humble/share/rosidl_generator_c/cmake)
[0.178s] -- Found rosidl_adapter: 3.1.6 (/opt/ros/humble/share/rosidl_adapter/cmake)
[0.182s] -- Found rosidl_generator_cpp: 3.1.6 (/opt/ros/humble/share/rosidl_generator_cpp/cmake)
[0.189s] -- Using all available rosidl_typesupport_c: rosidl_typesupport_fastrtps_c;rosidl_typesupport_introspection_c
[0.198s] -- Using all available rosidl_typesupport_cpp: rosidl_typesupport_fastrtps_cpp;rosidl_typesupport_introspection_cpp
[0.223s] -- Found rmw_implementation_cmake: 6.1.2 (/opt/ros/humble/share/rmw_implementation_cmake/cmake)
[0.224s] -- Found rmw_fastrtps_cpp: 6.2.7 (/opt/ros/humble/share/rmw_fastrtps_cpp/cmake)
[0.309s] -- Using RMW implementation 'rmw_fastrtps_cpp' as default
[0.359s] -- Eigen found (include: /usr/include/eigen3, version: 3.4.0)
[0.396s] -- FLANN found (include: /usr/include, lib: /usr/lib/x86_64-linux-gnu/libflann_cpp.so)
[0.673s] -- OpenNI found (version: 1.5.4.0, include: /usr/include/ni, lib: /usr/lib/libOpenNI.so;libusb::libusb)
[0.681s] -- OpenNI2 found (version: 2.2.0.33, include: /usr/include/openni2, lib: /usr/lib/x86_64-linux-gnu/libOpenNI2.so;libusb::libusb)
[0.681s] [0m** WARNING ** io features related to pcap will be disabled[0m
[0.823s] -- Eigen found (include: /usr/include/eigen3, version: 3.4.0)
[0.830s] -- OpenNI found (version: 1.5.4.0, include: /usr/include/ni, lib: /usr/lib/libOpenNI.so;libusb::libusb)
[0.835s] -- OpenNI2 found (version: 2.2.0.33, include: /usr/include/openni2, lib: /usr/lib/x86_64-linux-gnu/libOpenNI2.so;libusb::libusb)
[0.957s] -- Found Qhull version 8.0.2
[1.089s] -- OpenNI found (version: 1.5.4.0, include: /usr/include/ni, lib: /usr/lib/libOpenNI.so;libusb::libusb)
[1.226s] -- looking for PCL_COMMON
[1.226s] -- looking for PCL_KDTREE
[1.226s] -- looking for PCL_OCTREE
[1.227s] -- looking for PCL_SEARCH
[1.227s] -- looking for PCL_SAMPLE_CONSENSUS
[1.227s] -- looking for PCL_FILTERS
[1.227s] -- looking for PCL_2D
[1.228s] -- looking for PCL_GEOMETRY
[1.228s] -- looking for PCL_IO
[1.228s] -- looking for PCL_FEATURES
[1.228s] -- looking for PCL_ML
[1.228s] -- looking for PCL_SEGMENTATION
[1.229s] -- looking for PCL_VISUALIZATION
[1.229s] -- looking for PCL_SURFACE
[1.229s] -- looking for PCL_REGISTRATION
[1.230s] -- looking for PCL_KEYPOINTS
[1.230s] -- looking for PCL_TRACKING
[1.230s] -- looking for PCL_RECOGNITION
[1.231s] -- looking for PCL_STEREO
[1.231s] -- looking for PCL_APPS
[1.231s] -- looking for PCL_IN_HAND_SCANNER
[1.232s] -- looking for PCL_MODELER
[1.232s] -- looking for PCL_POINT_CLOUD_EDITOR
[1.232s] -- looking for PCL_OUTOFCORE
[1.232s] -- looking for PCL_PEOPLE
[1.234s] -- Found sensor_msgs: 4.2.4 (/opt/ros/humble/share/sensor_msgs/cmake)
[1.255s] -- Found visualization_msgs: 4.2.4 (/opt/ros/humble/share/visualization_msgs/cmake)
[1.268s] -- Found pcl_conversions: 2.4.5 (/opt/ros/humble/share/pcl_conversions/cmake)
[1.285s] -- Found pcl_ros: 2.4.5 (/opt/ros/humble/share/pcl_ros/cmake)
[1.319s] -- Found eigen3_cmake_module: 0.1.1 (/opt/ros/humble/share/eigen3_cmake_module/cmake)
[1.320s] -- Found Eigen3: TRUE (found version "3.4.0") 
[1.320s] -- Ensuring Eigen3 include directory is part of orocos-kdl CMake target
[1.429s] -- PyTorch: CUDA detected: 12.6
[1.429s] -- PyTorch: CUDA nvcc is: /usr/local/cuda/bin/nvcc
[1.429s] -- PyTorch: CUDA toolkit directory: /usr/local/cuda
[1.540s] -- PyTorch: Header version is: 12.6
[1.635s] [33mCMake Warning at /opt/libtorch/share/cmake/Caffe2/public/cuda.cmake:140 (message):
[1.635s]   Failed to compute shorthash for libnvrtc.so
[1.635s] Call Stack (most recent call first):
[1.635s]   /opt/libtorch/share/cmake/Caffe2/Caffe2Config.cmake:86 (include)
[1.635s]   /opt/libtorch/share/cmake/Torch/TorchConfig.cmake:68 (find_package)
[1.635s]   CMakeLists.txt:27 (find_package)
[1.635s] 
[1.636s] [0m
[1.636s] -- Could NOT find nvtx3 (missing: nvtx3_dir) 
[1.636s] -- USE_CUDNN is set to 0. Compiling without cuDNN support
[1.636s] -- USE_CUSPARSELT is set to 0. Compiling without cuSPARSELt support
[1.636s] -- USE_CUDSS is set to 0. Compiling without cuDSS support
[1.636s] -- USE_CUFILE is set to 0. Compiling without cuFile support
[1.636s] [33mCMake Warning (dev) at /usr/share/cmake-3.22/Modules/FindPackageHandleStandardArgs.cmake:438 (message):
[1.636s]   The package name passed to `find_package_handle_standard_args` (nvtx3) does
[1.636s]   not match the name of the calling package (Caffe2).  This can lead to
[1.636s]   problems in calling code that expects `find_package` result variables
[1.637s]   (e.g., `_FOUND`) to follow a certain pattern.
[1.637s] Call Stack (most recent call first):
[1.637s]   /opt/libtorch/share/cmake/Caffe2/public/cuda.cmake:178 (find_package_handle_standard_args)
[1.637s]   /opt/libtorch/share/cmake/Caffe2/Caffe2Config.cmake:86 (include)
[1.637s]   /opt/libtorch/share/cmake/Torch/TorchConfig.cmake:68 (find_package)
[1.637s]   CMakeLists.txt:27 (find_package)
[1.637s] This warning is for project developers.  Use -Wno-dev to suppress it.
[1.637s] [0m
[1.637s] [33mCMake Warning at /opt/libtorch/share/cmake/Caffe2/public/cuda.cmake:184 (message):
[1.637s]   Cannot find NVTX3, find old NVTX instead
[1.637s] Call Stack (most recent call first):
[1.637s]   /opt/libtorch/share/cmake/Caffe2/Caffe2Config.cmake:86 (include)
[1.638s]   /opt/libtorch/share/cmake/Torch/TorchConfig.cmake:68 (find_package)
[1.638s]   CMakeLists.txt:27 (find_package)
[1.638s] 
[1.638s] [0m
[3.899s] -- Autodetected CUDA architecture(s):  8.9
[3.900s] -- Added CUDA NVCC flags for: -gencode;arch=compute_89,code=sm_89
[3.927s] -- Found ament_lint_auto: 0.12.11 (/opt/ros/humble/share/ament_lint_auto/cmake)
[3.986s] -- Added test 'cppcheck' to perform static code analysis on C / C++ code
[3.986s] -- Configured cppcheck include dirs: 
[3.986s] -- Configured cppcheck exclude dirs and/or files: 
[3.986s] -- Added test 'lint_cmake' to check CMake code style
[3.987s] -- Added test 'uncrustify' to check C / C++ code style
[3.987s] -- Configured uncrustify additional arguments: 
[3.987s] -- Added test 'xmllint' to check XML markup files
[3.988s] -- Configuring done
[4.045s] -- Generating done
[4.054s] -- Build files have been written to: /home/purvanya/projects/perception_summer/build/cone_tracker
[4.094s] [35m[1mConsolidate compiler generated dependencies of target main[0m
[4.136s] [ 50%] [32mBuilding CXX object CMakeFiles/main.dir/src/main.cpp.o[0m
[12.418s] [100%] [32m[1mLinking CXX executable main[0m
[18.907s] [100%] Built target main
[18.926s] Invoked command in '/home/purvanya/projects/perception_summer/build/cone_tracker' returned '0': CMAKE_PREFIX_PATH=${CMAKE_PREFIX_PATH}:/home/purvanya/projects/perception_summer/install/perception_summer:/home/purvanya/projects/EUFS/install/eufs_launcher:/home/purvanya/projects/EUFS/install/eufs_tracks:/home/purvanya/projects/EUFS/install/eufs_rqt:/home/purvanya/projects/EUFS/install/eufs_racecar:/opt/ros/humble /usr/bin/cmake --build /home/purvanya/projects/perception_summer/build/cone_tracker -- -j12 -l12
[18.936s] Invoking command in '/home/purvanya/projects/perception_summer/build/cone_tracker': CMAKE_PREFIX_PATH=${CMAKE_PREFIX_PATH}:/home/purvanya/projects/perception_summer/install/perception_summer:/home/purvanya/projects/EUFS/install/eufs_launcher:/home/purvanya/projects/EUFS/install/eufs_tracks:/home/purvanya/projects/EUFS/install/eufs_rqt:/home/purvanya/projects/EUFS/install/eufs_racecar:/opt/ros/humble /usr/bin/cmake --install /home/purvanya/projects/perception_summer/build/cone_tracker
[18.945s] -- Install configuration: ""
[18.945s] -- Installing: /home/purvanya/projects/perception_summer/install/cone_tracker/lib/cone_tracker/main
[18.948s] -- Set runtime path of "/home/purvanya/projects/perception_summer/install/cone_tracker/lib/cone_tracker/main" to ""
[18.948s] -- Up-to-date: /home/purvanya/projects/perception_summer/install/cone_tracker/share/ament_index/resource_index/package_run_dependencies/cone_tracker
[18.948s] -- Up-to-date: /home/purvanya/projects/perception_summer/install/cone_tracker/share/ament_index/resource_index/parent_prefix_path/cone_tracker
[18.948s] -- Up-to-date: /home/purvanya/projects/perception_summer/install/cone_tracker/share/cone_tracker/environment/ament_prefix_path.sh
[18.948s] -- Installing: /home/purvanya/projects/perception_summer/install/cone_tracker/share/cone_tracker/environment/ament_prefix_path.dsv
[18.948s] -- Up-to-date: /home/purvanya/projects/perception_summer/install/cone_tracker/share/cone_tracker/environment/path.sh
[18.948s] -- Installing: /home/purvanya/projects/perception_summer/install/cone_tracker/share/cone_tracker/environment/path.dsv
[18.948s] -- Up-to-date: /home/purvanya/projects/perception_summer/install/cone_tracker/share/cone_tracker/local_setup.bash
[18.948s] -- Up-to-date: /home/purvanya/projects/perception_summer/install/cone_tracker/share/cone_tracker/local_setup.sh
[18.948s] -- Up-to-date: /home/purvanya/projects/perception_summer/install/cone_tracker/share/cone_tracker/local_setup.zsh
[18.948s] -- Installing: /home/purvanya/projects/perception_summer/install/cone_tracker/share/cone_tracker/local_setup.dsv
[18.948s] -- Installing: /home/purvanya/projects/perception_summer/install/cone_tracker/share/cone_tracker/package.dsv
[18.949s] -- Up-to-date: /home/purvanya/projects/perception_summer/install/cone_tracker/share/ament_index/resource_index/packages/cone_tracker
[18.949s] -- Up-to-date: /home/purvanya/projects/perception_summer/install/cone_tracker/share/cone_tracker/cmake/cone_trackerConfig.cmake
[18.949s] -- Up-to-date: /home/purvanya/projects/perception_summer/install/cone_tracker/share/cone_tracker/cmake/cone_trackerConfig-version.cmake
[18.949s] -- Up-to-date: /home/purvanya/projects/perception_summer/install/cone_tracker/share/cone_tracker/package.xml
[18.950s] Invoked command in '/home/purvanya/projects/perception_summer/build/cone_tracker' returned '0': CMAKE_PREFIX_PATH=${CMAKE_PREFIX_PATH}:/home/purvanya/projects/perception_summer/install/perception_summer:/home/purvanya/projects/EUFS/install/eufs_launcher:/home/purvanya/projects/EUFS/install/eufs_tracks:/home/purvanya/projects/EUFS/install/eufs_rqt:/home/purvanya/projects/EUFS/install/eufs_racecar:/opt/ros/humble /usr/bin/cmake --install /home/purvanya/projects/perception_summer/build/cone_tracker
