-- Found ament_cmake: 1.3.11 (/opt/ros/humble/share/ament_cmake/cmake)
-- Found rclcpp: 16.0.11 (/opt/ros/humble/share/rclcpp/cmake)
-- Found rosidl_generator_c: 3.1.6 (/opt/ros/humble/share/rosidl_generator_c/cmake)
-- Found rosidl_adapter: 3.1.6 (/opt/ros/humble/share/rosidl_adapter/cmake)
-- Found rosidl_generator_cpp: 3.1.6 (/opt/ros/humble/share/rosidl_generator_cpp/cmake)
-- Using all available rosidl_typesupport_c: rosidl_typesupport_fastrtps_c;rosidl_typesupport_introspection_c
-- Using all available rosidl_typesupport_cpp: rosidl_typesupport_fastrtps_cpp;rosidl_typesupport_introspection_cpp
-- Found rmw_implementation_cmake: 6.1.2 (/opt/ros/humble/share/rmw_implementation_cmake/cmake)
-- Found rmw_fastrtps_cpp: 6.2.7 (/opt/ros/humble/share/rmw_fastrtps_cpp/cmake)
-- Using RMW implementation 'rmw_fastrtps_cpp' as default
-- PyTorch: CUDA detected: 12.1
-- PyTorch: CUDA nvcc is: /usr/local/cuda-12.1/bin/nvcc
-- PyTorch: CUDA toolkit directory: /usr/local/cuda-12.1
-- PyTorch: Header version is: 12.1
[33mCMake Warning at /opt/libtorch/share/cmake/Caffe2/public/cuda.cmake:140 (message):
  Failed to compute shorthash for libnvrtc.so
Call Stack (most recent call first):
  /opt/libtorch/share/cmake/Caffe2/Caffe2Config.cmake:86 (include)
  /opt/libtorch/share/cmake/Torch/TorchConfig.cmake:68 (find_package)
  CMakeLists.txt:17 (find_package)

[0m
[33mCMake Warning (dev) at /usr/share/cmake-3.22/Modules/FindPackageHandleStandardArgs.cmake:438 (message):
  The package name passed to `find_package_handle_standard_args` (nvtx3) does
  not match the name of the calling package (Caffe2).  This can lead to
  problems in calling code that expects `find_package` result variables
  (e.g., `_FOUND`) to follow a certain pattern.
Call Stack (most recent call first):
  /opt/libtorch/share/cmake/Caffe2/public/cuda.cmake:178 (find_package_handle_standard_args)
  /opt/libtorch/share/cmake/Caffe2/Caffe2Config.cmake:86 (include)
  /opt/libtorch/share/cmake/Torch/TorchConfig.cmake:68 (find_package)
  CMakeLists.txt:17 (find_package)
This warning is for project developers.  Use -Wno-dev to suppress it.
[0m
-- Could NOT find nvtx3 (missing: nvtx3_dir) 
[33mCMake Warning at /opt/libtorch/share/cmake/Caffe2/public/cuda.cmake:184 (message):
  Cannot find NVTX3, find old NVTX instead
Call Stack (most recent call first):
  /opt/libtorch/share/cmake/Caffe2/Caffe2Config.cmake:86 (include)
  /opt/libtorch/share/cmake/Torch/TorchConfig.cmake:68 (find_package)
  CMakeLists.txt:17 (find_package)

[0m
-- USE_CUDNN is set to 0. Compiling without cuDNN support
-- USE_CUSPARSELT is set to 0. Compiling without cuSPARSELt support
-- USE_CUDSS is set to 0. Compiling without cuDSS support
-- USE_CUFILE is set to 0. Compiling without cuFile support
-- Autodetected CUDA architecture(s):  8.9
-- Added CUDA NVCC flags for: -gencode;arch=compute_89,code=sm_89
-- Found ament_lint_auto: 0.12.11 (/opt/ros/humble/share/ament_lint_auto/cmake)
-- Added test 'cppcheck' to perform static code analysis on C / C++ code
-- Configured cppcheck include dirs: 
-- Configured cppcheck exclude dirs and/or files: 
-- Added test 'lint_cmake' to check CMake code style
-- Added test 'uncrustify' to check C / C++ code style
-- Configured uncrustify additional arguments: 
-- Added test 'xmllint' to check XML markup files
-- Configuring done
-- Generating done
-- Build files have been written to: /home/purvanya/projects/perception_summer/build/cone_tracker
[ 50%] [32mBuilding CXX object CMakeFiles/main.dir/src/main.cpp.o[0m
[100%] [32m[1mLinking CXX executable main[0m
/usr/bin/ld: /opt/libtorch/lib/libtorch_cuda.so: undefined reference to `cudaGraphAddDependencies_v2@libcudart.so.12'
/usr/bin/ld: /opt/libtorch/lib/libtorch_cuda.so: undefined reference to `cudaStreamGetCaptureInfo_v3@libcudart.so.12'
collect2: error: ld returned 1 exit status
gmake[2]: *** [CMakeFiles/main.dir/build.make:160: main] Error 1
gmake[1]: *** [CMakeFiles/Makefile2:137: CMakeFiles/main.dir/all] Error 2
gmake: *** [Makefile:146: all] Error 2
