[0.019s] Invoking command in '/home/purvanya/projects/perception_summer/build/cone_tracker': CMAKE_PREFIX_PATH=${CMAKE_PREFIX_PATH}:/home/purvanya/projects/perception_summer/install/perception_summer:/home/purvanya/projects/EUFS/install/eufs_launcher:/home/purvanya/projects/EUFS/install/eufs_tracks:/home/purvanya/projects/EUFS/install/eufs_rqt:/home/purvanya/projects/EUFS/install/eufs_racecar:/opt/ros/humble /usr/bin/cmake --build /home/purvanya/projects/perception_summer/build/cone_tracker -- -j12 -l12
[0.063s] [35m[1mConsolidate compiler generated dependencies of target main[0m
[0.110s] [100%] Built target main
[0.231s] Invoked command in '/home/purvanya/projects/perception_summer/build/cone_tracker' returned '0': CMAKE_PREFIX_PATH=${CMAKE_PREFIX_PATH}:/home/purvanya/projects/perception_summer/install/perception_summer:/home/purvanya/projects/EUFS/install/eufs_launcher:/home/purvanya/projects/EUFS/install/eufs_tracks:/home/purvanya/projects/EUFS/install/eufs_rqt:/home/purvanya/projects/EUFS/install/eufs_racecar:/opt/ros/humble /usr/bin/cmake --build /home/purvanya/projects/perception_summer/build/cone_tracker -- -j12 -l12
[0.239s] Invoking command in '/home/purvanya/projects/perception_summer/build/cone_tracker': CMAKE_PREFIX_PATH=${CMAKE_PREFIX_PATH}:/home/purvanya/projects/perception_summer/install/perception_summer:/home/purvanya/projects/EUFS/install/eufs_launcher:/home/purvanya/projects/EUFS/install/eufs_tracks:/home/purvanya/projects/EUFS/install/eufs_rqt:/home/purvanya/projects/EUFS/install/eufs_racecar:/opt/ros/humble /usr/bin/cmake --install /home/purvanya/projects/perception_summer/build/cone_tracker
[0.247s] -- Install configuration: ""
[0.248s] -- Up-to-date: /home/purvanya/projects/perception_summer/install/cone_tracker/lib/cone_tracker/main
[0.248s] -- Up-to-date: /home/purvanya/projects/perception_summer/install/cone_tracker/share/ament_index/resource_index/package_run_dependencies/cone_tracker
[0.248s] -- Up-to-date: /home/purvanya/projects/perception_summer/install/cone_tracker/share/ament_index/resource_index/parent_prefix_path/cone_tracker
[0.248s] -- Up-to-date: /home/purvanya/projects/perception_summer/install/cone_tracker/share/cone_tracker/environment/ament_prefix_path.sh
[0.248s] -- Up-to-date: /home/purvanya/projects/perception_summer/install/cone_tracker/share/cone_tracker/environment/ament_prefix_path.dsv
[0.248s] -- Up-to-date: /home/purvanya/projects/perception_summer/install/cone_tracker/share/cone_tracker/environment/path.sh
[0.248s] -- Up-to-date: /home/purvanya/projects/perception_summer/install/cone_tracker/share/cone_tracker/environment/path.dsv
[0.248s] -- Up-to-date: /home/purvanya/projects/perception_summer/install/cone_tracker/share/cone_tracker/local_setup.bash
[0.248s] -- Up-to-date: /home/purvanya/projects/perception_summer/install/cone_tracker/share/cone_tracker/local_setup.sh
[0.248s] -- Up-to-date: /home/purvanya/projects/perception_summer/install/cone_tracker/share/cone_tracker/local_setup.zsh
[0.248s] -- Up-to-date: /home/purvanya/projects/perception_summer/install/cone_tracker/share/cone_tracker/local_setup.dsv
[0.248s] -- Installing: /home/purvanya/projects/perception_summer/install/cone_tracker/share/cone_tracker/package.dsv
[0.248s] -- Up-to-date: /home/purvanya/projects/perception_summer/install/cone_tracker/share/ament_index/resource_index/packages/cone_tracker
[0.249s] -- Up-to-date: /home/purvanya/projects/perception_summer/install/cone_tracker/share/cone_tracker/cmake/cone_trackerConfig.cmake
[0.249s] -- Up-to-date: /home/purvanya/projects/perception_summer/install/cone_tracker/share/cone_tracker/cmake/cone_trackerConfig-version.cmake
[0.249s] -- Up-to-date: /home/purvanya/projects/perception_summer/install/cone_tracker/share/cone_tracker/package.xml
[0.254s] Invoked command in '/home/purvanya/projects/perception_summer/build/cone_tracker' returned '0': CMAKE_PREFIX_PATH=${CMAKE_PREFIX_PATH}:/home/purvanya/projects/perception_summer/install/perception_summer:/home/purvanya/projects/EUFS/install/eufs_launcher:/home/purvanya/projects/EUFS/install/eufs_tracks:/home/purvanya/projects/EUFS/install/eufs_rqt:/home/purvanya/projects/EUFS/install/eufs_racecar:/opt/ros/humble /usr/bin/cmake --install /home/purvanya/projects/perception_summer/build/cone_tracker
