[0.079s] DEBUG:colcon:Command line arguments: ['/usr/bin/colcon', 'build']
[0.079s] DEBUG:colcon:Parsed command line arguments: Namespace(log_base=None, log_level=None, verb_name='build', build_base='build', install_base='install', merge_install=False, symlink_install=False, test_result_base=None, continue_on_error=False, executor='parallel', parallel_workers=12, event_handlers=None, ignore_user_meta=False, metas=['./colcon.meta'], base_paths=['.'], packages_ignore=None, packages_ignore_regex=None, paths=None, packages_up_to=None, packages_up_to_regex=None, packages_above=None, packages_above_and_dependencies=None, packages_above_depth=None, packages_select_by_dep=None, packages_skip_by_dep=None, packages_skip_up_to=None, packages_select_build_failed=False, packages_skip_build_finished=False, packages_select_test_failures=False, packages_skip_test_passed=False, packages_select=None, packages_skip=None, packages_select_regex=None, packages_skip_regex=None, packages_start=None, packages_end=None, allow_overriding=[], cmake_args=None, cmake_target=None, cmake_target_skip_unavailable=False, cmake_clean_cache=False, cmake_clean_first=False, cmake_force_configure=False, ament_cmake_args=None, catkin_cmake_args=None, catkin_skip_building_tests=False, mixin_files=None, mixin=None, verb_parser=<colcon_mixin.mixin.mixin_argument.MixinArgumentDecorator object at 0x735812498790>, verb_extension=<colcon_core.verb.build.BuildVerb object at 0x735812498130>, main=<bound method BuildVerb.main of <colcon_core.verb.build.BuildVerb object at 0x735812498130>>, mixin_verb=('build',))
[0.197s] Level 1:colcon.colcon_core.package_discovery:discover_packages(colcon_meta) check parameters
[0.197s] Level 1:colcon.colcon_core.package_discovery:discover_packages(recursive) check parameters
[0.197s] Level 1:colcon.colcon_core.package_discovery:discover_packages(ignore) check parameters
[0.197s] Level 1:colcon.colcon_core.package_discovery:discover_packages(path) check parameters
[0.197s] Level 1:colcon.colcon_core.package_discovery:discover_packages(colcon_meta) discover
[0.197s] Level 1:colcon.colcon_core.package_discovery:discover_packages(recursive) discover
[0.197s] INFO:colcon.colcon_core.package_discovery:Crawling recursively for packages in '/home/purvanya/projects/perception_summer'
[0.197s] Level 1:colcon.colcon_core.package_identification:_identify(.) by extensions ['ignore', 'ignore_ament_install']
[0.197s] Level 1:colcon.colcon_core.package_identification:_identify(.) by extension 'ignore'
[0.197s] Level 1:colcon.colcon_core.package_identification:_identify(.) by extension 'ignore_ament_install'
[0.197s] Level 1:colcon.colcon_core.package_identification:_identify(.) by extensions ['colcon_pkg']
[0.197s] Level 1:colcon.colcon_core.package_identification:_identify(.) by extension 'colcon_pkg'
[0.197s] Level 1:colcon.colcon_core.package_identification:_identify(.) by extensions ['colcon_meta']
[0.197s] Level 1:colcon.colcon_core.package_identification:_identify(.) by extension 'colcon_meta'
[0.197s] Level 1:colcon.colcon_core.package_identification:_identify(.) by extensions ['ros']
[0.197s] Level 1:colcon.colcon_core.package_identification:_identify(.) by extension 'ros'
[0.215s] Level 1:colcon.colcon_core.package_identification:_identify(.) by extensions ['cmake', 'python']
[0.215s] Level 1:colcon.colcon_core.package_identification:_identify(.) by extension 'cmake'
[0.215s] Level 1:colcon.colcon_core.package_identification:_identify(.) by extension 'python'
[0.215s] Level 1:colcon.colcon_core.package_identification:_identify(.) by extensions ['python_setup_py']
[0.215s] Level 1:colcon.colcon_core.package_identification:_identify(.) by extension 'python_setup_py'
[0.215s] Level 1:colcon.colcon_core.package_identification:_identify(build) by extensions ['ignore', 'ignore_ament_install']
[0.215s] Level 1:colcon.colcon_core.package_identification:_identify(build) by extension 'ignore'
[0.215s] Level 1:colcon.colcon_core.package_identification:_identify(build) ignored
[0.215s] Level 1:colcon.colcon_core.package_identification:_identify(install) by extensions ['ignore', 'ignore_ament_install']
[0.215s] Level 1:colcon.colcon_core.package_identification:_identify(install) by extension 'ignore'
[0.215s] Level 1:colcon.colcon_core.package_identification:_identify(install) ignored
[0.215s] Level 1:colcon.colcon_core.package_identification:_identify(log) by extensions ['ignore', 'ignore_ament_install']
[0.215s] Level 1:colcon.colcon_core.package_identification:_identify(log) by extension 'ignore'
[0.215s] Level 1:colcon.colcon_core.package_identification:_identify(log) ignored
[0.215s] Level 1:colcon.colcon_core.package_identification:_identify(src) by extensions ['ignore', 'ignore_ament_install']
[0.215s] Level 1:colcon.colcon_core.package_identification:_identify(src) by extension 'ignore'
[0.215s] Level 1:colcon.colcon_core.package_identification:_identify(src) by extension 'ignore_ament_install'
[0.216s] Level 1:colcon.colcon_core.package_identification:_identify(src) by extensions ['colcon_pkg']
[0.216s] Level 1:colcon.colcon_core.package_identification:_identify(src) by extension 'colcon_pkg'
[0.216s] Level 1:colcon.colcon_core.package_identification:_identify(src) by extensions ['colcon_meta']
[0.216s] Level 1:colcon.colcon_core.package_identification:_identify(src) by extension 'colcon_meta'
[0.216s] Level 1:colcon.colcon_core.package_identification:_identify(src) by extensions ['ros']
[0.216s] Level 1:colcon.colcon_core.package_identification:_identify(src) by extension 'ros'
[0.216s] Level 1:colcon.colcon_core.package_identification:_identify(src) by extensions ['cmake', 'python']
[0.216s] Level 1:colcon.colcon_core.package_identification:_identify(src) by extension 'cmake'
[0.216s] Level 1:colcon.colcon_core.package_identification:_identify(src) by extension 'python'
[0.216s] Level 1:colcon.colcon_core.package_identification:_identify(src) by extensions ['python_setup_py']
[0.216s] Level 1:colcon.colcon_core.package_identification:_identify(src) by extension 'python_setup_py'
[0.216s] Level 1:colcon.colcon_core.package_identification:_identify(src/cone_tracker) by extensions ['ignore', 'ignore_ament_install']
[0.216s] Level 1:colcon.colcon_core.package_identification:_identify(src/cone_tracker) by extension 'ignore'
[0.216s] Level 1:colcon.colcon_core.package_identification:_identify(src/cone_tracker) by extension 'ignore_ament_install'
[0.216s] Level 1:colcon.colcon_core.package_identification:_identify(src/cone_tracker) by extensions ['colcon_pkg']
[0.216s] Level 1:colcon.colcon_core.package_identification:_identify(src/cone_tracker) by extension 'colcon_pkg'
[0.216s] Level 1:colcon.colcon_core.package_identification:_identify(src/cone_tracker) by extensions ['colcon_meta']
[0.216s] Level 1:colcon.colcon_core.package_identification:_identify(src/cone_tracker) by extension 'colcon_meta'
[0.216s] Level 1:colcon.colcon_core.package_identification:_identify(src/cone_tracker) by extensions ['ros']
[0.216s] Level 1:colcon.colcon_core.package_identification:_identify(src/cone_tracker) by extension 'ros'
[0.218s] DEBUG:colcon.colcon_core.package_identification:Package 'src/cone_tracker' with type 'ros.ament_cmake' and name 'cone_tracker'
[0.218s] Level 1:colcon.colcon_core.package_identification:_identify(src/perception_summer) by extensions ['ignore', 'ignore_ament_install']
[0.218s] Level 1:colcon.colcon_core.package_identification:_identify(src/perception_summer) by extension 'ignore'
[0.218s] Level 1:colcon.colcon_core.package_identification:_identify(src/perception_summer) by extension 'ignore_ament_install'
[0.218s] Level 1:colcon.colcon_core.package_identification:_identify(src/perception_summer) by extensions ['colcon_pkg']
[0.218s] Level 1:colcon.colcon_core.package_identification:_identify(src/perception_summer) by extension 'colcon_pkg'
[0.218s] Level 1:colcon.colcon_core.package_identification:_identify(src/perception_summer) by extensions ['colcon_meta']
[0.218s] Level 1:colcon.colcon_core.package_identification:_identify(src/perception_summer) by extension 'colcon_meta'
[0.218s] Level 1:colcon.colcon_core.package_identification:_identify(src/perception_summer) by extensions ['ros']
[0.218s] Level 1:colcon.colcon_core.package_identification:_identify(src/perception_summer) by extension 'ros'
[0.219s] DEBUG:colcon.colcon_core.package_identification:Package 'src/perception_summer' with type 'ros.ament_python' and name 'perception_summer'
[0.219s] Level 1:colcon.colcon_core.package_discovery:discover_packages(recursive) using defaults
[0.219s] Level 1:colcon.colcon_core.package_discovery:discover_packages(ignore) discover
[0.219s] Level 1:colcon.colcon_core.package_discovery:discover_packages(ignore) using defaults
[0.219s] Level 1:colcon.colcon_core.package_discovery:discover_packages(path) discover
[0.219s] Level 1:colcon.colcon_core.package_discovery:discover_packages(path) using defaults
[0.236s] Level 1:colcon.colcon_core.package_discovery:discover_packages(prefix_path) check parameters
[0.236s] Level 1:colcon.colcon_core.package_discovery:discover_packages(prefix_path) discover
[0.239s] DEBUG:colcon.colcon_installed_package_information.package_discovery:Found 1 installed packages in /home/purvanya/projects/ros2_wc/install
[0.240s] DEBUG:colcon.colcon_installed_package_information.package_discovery:Found 8 installed packages in /home/purvanya/projects/EUFS/install
[0.241s] DEBUG:colcon.colcon_installed_package_information.package_discovery:Found 344 installed packages in /opt/ros/humble
[0.242s] Level 1:colcon.colcon_core.package_discovery:discover_packages(prefix_path) using defaults
[0.273s] Level 5:colcon.colcon_core.verb:set package 'cone_tracker' build argument 'cmake_args' from command line to 'None'
[0.273s] Level 5:colcon.colcon_core.verb:set package 'cone_tracker' build argument 'cmake_target' from command line to 'None'
[0.273s] Level 5:colcon.colcon_core.verb:set package 'cone_tracker' build argument 'cmake_target_skip_unavailable' from command line to 'False'
[0.273s] Level 5:colcon.colcon_core.verb:set package 'cone_tracker' build argument 'cmake_clean_cache' from command line to 'False'
[0.273s] Level 5:colcon.colcon_core.verb:set package 'cone_tracker' build argument 'cmake_clean_first' from command line to 'False'
[0.273s] Level 5:colcon.colcon_core.verb:set package 'cone_tracker' build argument 'cmake_force_configure' from command line to 'False'
[0.273s] Level 5:colcon.colcon_core.verb:set package 'cone_tracker' build argument 'ament_cmake_args' from command line to 'None'
[0.273s] Level 5:colcon.colcon_core.verb:set package 'cone_tracker' build argument 'catkin_cmake_args' from command line to 'None'
[0.273s] Level 5:colcon.colcon_core.verb:set package 'cone_tracker' build argument 'catkin_skip_building_tests' from command line to 'False'
[0.273s] DEBUG:colcon.colcon_core.verb:Building package 'cone_tracker' with the following arguments: {'ament_cmake_args': None, 'build_base': '/home/purvanya/projects/perception_summer/build/cone_tracker', 'catkin_cmake_args': None, 'catkin_skip_building_tests': False, 'cmake_args': None, 'cmake_clean_cache': False, 'cmake_clean_first': False, 'cmake_force_configure': False, 'cmake_target': None, 'cmake_target_skip_unavailable': False, 'install_base': '/home/purvanya/projects/perception_summer/install/cone_tracker', 'merge_install': False, 'path': '/home/purvanya/projects/perception_summer/src/cone_tracker', 'symlink_install': False, 'test_result_base': None}
[0.273s] Level 5:colcon.colcon_core.verb:set package 'perception_summer' build argument 'cmake_args' from command line to 'None'
[0.273s] Level 5:colcon.colcon_core.verb:set package 'perception_summer' build argument 'cmake_target' from command line to 'None'
[0.273s] Level 5:colcon.colcon_core.verb:set package 'perception_summer' build argument 'cmake_target_skip_unavailable' from command line to 'False'
[0.273s] Level 5:colcon.colcon_core.verb:set package 'perception_summer' build argument 'cmake_clean_cache' from command line to 'False'
[0.273s] Level 5:colcon.colcon_core.verb:set package 'perception_summer' build argument 'cmake_clean_first' from command line to 'False'
[0.273s] Level 5:colcon.colcon_core.verb:set package 'perception_summer' build argument 'cmake_force_configure' from command line to 'False'
[0.273s] Level 5:colcon.colcon_core.verb:set package 'perception_summer' build argument 'ament_cmake_args' from command line to 'None'
[0.273s] Level 5:colcon.colcon_core.verb:set package 'perception_summer' build argument 'catkin_cmake_args' from command line to 'None'
[0.273s] Level 5:colcon.colcon_core.verb:set package 'perception_summer' build argument 'catkin_skip_building_tests' from command line to 'False'
[0.273s] DEBUG:colcon.colcon_core.verb:Building package 'perception_summer' with the following arguments: {'ament_cmake_args': None, 'build_base': '/home/purvanya/projects/perception_summer/build/perception_summer', 'catkin_cmake_args': None, 'catkin_skip_building_tests': False, 'cmake_args': None, 'cmake_clean_cache': False, 'cmake_clean_first': False, 'cmake_force_configure': False, 'cmake_target': None, 'cmake_target_skip_unavailable': False, 'install_base': '/home/purvanya/projects/perception_summer/install/perception_summer', 'merge_install': False, 'path': '/home/purvanya/projects/perception_summer/src/perception_summer', 'symlink_install': False, 'test_result_base': None}
[0.273s] INFO:colcon.colcon_core.executor:Executing jobs using 'parallel' executor
[0.274s] DEBUG:colcon.colcon_parallel_executor.executor.parallel:run_until_complete
[0.275s] INFO:colcon.colcon_ros.task.ament_cmake.build:Building ROS package in '/home/purvanya/projects/perception_summer/src/cone_tracker' with build type 'ament_cmake'
[0.275s] INFO:colcon.colcon_cmake.task.cmake.build:Building CMake package in '/home/purvanya/projects/perception_summer/src/cone_tracker'
[0.277s] INFO:colcon.colcon_core.plugin_system:Skipping extension 'colcon_core.shell.bat': Not used on non-Windows systems
[0.277s] INFO:colcon.colcon_core.shell:Skip shell extension 'powershell' for command environment: Not usable outside of PowerShell
[0.277s] DEBUG:colcon.colcon_core.shell:Skip shell extension 'dsv' for command environment
[0.280s] INFO:colcon.colcon_ros.task.ament_python.build:Building ROS package in '/home/purvanya/projects/perception_summer/src/perception_summer' with build type 'ament_python'
[0.280s] Level 1:colcon.colcon_core.shell:create_environment_hook('perception_summer', 'ament_prefix_path')
[0.280s] INFO:colcon.colcon_core.shell:Creating environment hook '/home/purvanya/projects/perception_summer/install/perception_summer/share/perception_summer/hook/ament_prefix_path.ps1'
[0.281s] INFO:colcon.colcon_core.shell:Creating environment descriptor '/home/purvanya/projects/perception_summer/install/perception_summer/share/perception_summer/hook/ament_prefix_path.dsv'
[0.281s] INFO:colcon.colcon_core.shell:Creating environment hook '/home/purvanya/projects/perception_summer/install/perception_summer/share/perception_summer/hook/ament_prefix_path.sh'
[0.282s] INFO:colcon.colcon_core.shell:Skip shell extension 'powershell' for command environment: Not usable outside of PowerShell
[0.282s] DEBUG:colcon.colcon_core.shell:Skip shell extension 'dsv' for command environment
[0.288s] DEBUG:colcon.colcon_core.event_handler.log_command:Invoking command in '/home/purvanya/projects/perception_summer/build/cone_tracker': CMAKE_PREFIX_PATH=${CMAKE_PREFIX_PATH}:/home/purvanya/projects/EUFS/install/eufs_launcher:/home/purvanya/projects/EUFS/install/eufs_tracks:/home/purvanya/projects/EUFS/install/eufs_rqt:/home/purvanya/projects/EUFS/install/eufs_racecar:/opt/ros/humble /usr/bin/cmake --build /home/purvanya/projects/perception_summer/build/cone_tracker -- -j12 -l12
[0.498s] INFO:colcon.colcon_core.task.python.build:Building Python package in '/home/purvanya/projects/perception_summer/src/perception_summer'
[0.499s] INFO:colcon.colcon_core.shell:Skip shell extension 'powershell' for command environment: Not usable outside of PowerShell
[0.499s] DEBUG:colcon.colcon_core.shell:Skip shell extension 'dsv' for command environment
[0.711s] DEBUG:colcon.colcon_core.event_handler.log_command:Invoked command in '/home/purvanya/projects/perception_summer/build/cone_tracker' returned '2': CMAKE_PREFIX_PATH=${CMAKE_PREFIX_PATH}:/home/purvanya/projects/EUFS/install/eufs_launcher:/home/purvanya/projects/EUFS/install/eufs_tracks:/home/purvanya/projects/EUFS/install/eufs_rqt:/home/purvanya/projects/EUFS/install/eufs_racecar:/opt/ros/humble /usr/bin/cmake --build /home/purvanya/projects/perception_summer/build/cone_tracker -- -j12 -l12
[0.712s] Level 1:colcon.colcon_core.environment:create_environment_scripts_only(cone_tracker)
[0.716s] Level 1:colcon.colcon_core.environment:checking '/home/purvanya/projects/perception_summer/install/cone_tracker' for CMake module files
[0.717s] Level 1:colcon.colcon_core.environment:checking '/home/purvanya/projects/perception_summer/install/cone_tracker' for CMake config files
[0.717s] Level 1:colcon.colcon_core.environment:checking '/home/purvanya/projects/perception_summer/install/cone_tracker/bin'
[0.717s] Level 1:colcon.colcon_core.environment:checking '/home/purvanya/projects/perception_summer/install/cone_tracker/lib/pkgconfig/cone_tracker.pc'
[0.718s] Level 1:colcon.colcon_core.environment:checking '/home/purvanya/projects/perception_summer/install/cone_tracker/lib/python3.10/site-packages'
[0.718s] Level 1:colcon.colcon_core.environment:checking '/home/purvanya/projects/perception_summer/install/cone_tracker/bin'
[0.718s] INFO:colcon.colcon_core.shell:Creating package script '/home/purvanya/projects/perception_summer/install/cone_tracker/share/cone_tracker/package.ps1'
[0.719s] INFO:colcon.colcon_core.shell:Creating package descriptor '/home/purvanya/projects/perception_summer/install/cone_tracker/share/cone_tracker/package.dsv'
[0.720s] INFO:colcon.colcon_core.shell:Creating package script '/home/purvanya/projects/perception_summer/install/cone_tracker/share/cone_tracker/package.sh'
[0.721s] INFO:colcon.colcon_core.shell:Creating package script '/home/purvanya/projects/perception_summer/install/cone_tracker/share/cone_tracker/package.bash'
[0.722s] INFO:colcon.colcon_core.shell:Creating package script '/home/purvanya/projects/perception_summer/install/cone_tracker/share/cone_tracker/package.zsh'
[0.722s] Level 1:colcon.colcon_core.environment:create_file_with_runtime_dependencies(/home/purvanya/projects/perception_summer/install/cone_tracker/share/colcon-core/packages/cone_tracker)
[0.797s] DEBUG:colcon.colcon_parallel_executor.executor.parallel:closing loop
[0.798s] DEBUG:colcon.colcon_parallel_executor.executor.parallel:loop closed
[0.798s] DEBUG:colcon.colcon_parallel_executor.executor.parallel:run_until_complete finished with '2'
[0.798s] DEBUG:colcon.colcon_core.event_reactor:joining thread
[0.805s] INFO:colcon.colcon_core.plugin_system:Skipping extension 'colcon_notification.desktop_notification.terminal_notifier': Not used on non-Darwin systems
[0.805s] INFO:colcon.colcon_core.plugin_system:Skipping extension 'colcon_notification.desktop_notification.win32': Not used on non-Windows systems
[0.805s] INFO:colcon.colcon_notification.desktop_notification:Sending desktop notification using 'notify2'
[0.830s] DEBUG:colcon.colcon_core.event_reactor:joined thread
[0.831s] INFO:colcon.colcon_core.shell:Creating prefix script '/home/purvanya/projects/perception_summer/install/local_setup.ps1'
[0.832s] INFO:colcon.colcon_core.shell:Creating prefix util module '/home/purvanya/projects/perception_summer/install/_local_setup_util_ps1.py'
[0.833s] INFO:colcon.colcon_core.shell:Creating prefix chain script '/home/purvanya/projects/perception_summer/install/setup.ps1'
[0.834s] INFO:colcon.colcon_core.shell:Creating prefix script '/home/purvanya/projects/perception_summer/install/local_setup.sh'
[0.834s] INFO:colcon.colcon_core.shell:Creating prefix util module '/home/purvanya/projects/perception_summer/install/_local_setup_util_sh.py'
[0.835s] INFO:colcon.colcon_core.shell:Creating prefix chain script '/home/purvanya/projects/perception_summer/install/setup.sh'
[0.836s] INFO:colcon.colcon_core.shell:Creating prefix script '/home/purvanya/projects/perception_summer/install/local_setup.bash'
[0.836s] INFO:colcon.colcon_core.shell:Creating prefix chain script '/home/purvanya/projects/perception_summer/install/setup.bash'
[0.837s] INFO:colcon.colcon_core.shell:Creating prefix script '/home/purvanya/projects/perception_summer/install/local_setup.zsh'
[0.838s] INFO:colcon.colcon_core.shell:Creating prefix chain script '/home/purvanya/projects/perception_summer/install/setup.zsh'
