-- Found ament_cmake: 1.3.11 (/opt/ros/humble/share/ament_cmake/cmake)
-- Found rclcpp: 16.0.11 (/opt/ros/humble/share/rclcpp/cmake)
-- Found rosidl_generator_c: 3.1.6 (/opt/ros/humble/share/rosidl_generator_c/cmake)
-- Found rosidl_adapter: 3.1.6 (/opt/ros/humble/share/rosidl_adapter/cmake)
-- Found rosidl_generator_cpp: 3.1.6 (/opt/ros/humble/share/rosidl_generator_cpp/cmake)
-- Using all available rosidl_typesupport_c: rosidl_typesupport_fastrtps_c;rosidl_typesupport_introspection_c
-- Using all available rosidl_typesupport_cpp: rosidl_typesupport_fastrtps_cpp;rosidl_typesupport_introspection_cpp
-- Found rmw_implementation_cmake: 6.1.2 (/opt/ros/humble/share/rmw_implementation_cmake/cmake)
-- Found rmw_fastrtps_cpp: 6.2.7 (/opt/ros/humble/share/rmw_fastrtps_cpp/cmake)
-- Using RMW implementation 'rmw_fastrtps_cpp' as default
-- PyTorch: CUDA detected: 12.6
-- PyTorch: CUDA nvcc is: /usr/local/cuda/bin/nvcc
-- PyTorch: CUDA toolkit directory: /usr/local/cuda
-- PyTorch: Header version is: 12.6
[33mCMake Warning at /opt/libtorch/share/cmake/Caffe2/public/cuda.cmake:140 (message):
  Failed to compute shorthash for libnvrtc.so
Call Stack (most recent call first):
  /opt/libtorch/share/cmake/Caffe2/Caffe2Config.cmake:86 (include)
  /opt/libtorch/share/cmake/Torch/TorchConfig.cmake:68 (find_package)
  CMakeLists.txt:17 (find_package)

[0m
[33mCMake Warning (dev) at /usr/share/cmake-3.22/Modules/FindPackageHandleStandardArgs.cmake:438 (message):
  The package name passed to `find_package_handle_standard_args` (nvtx3) does
  not match the name of the calling package (Caffe2).  This can lead to
  problems in calling code that expects `find_package` result variables
  (e.g., `_FOUND`) to follow a certain pattern.
Call Stack (most recent call first):
  /opt/libtorch/share/cmake/Caffe2/public/cuda.cmake:178 (find_package_handle_standard_args)
  /opt/libtorch/share/cmake/Caffe2/Caffe2Config.cmake:86 (include)
  /opt/libtorch/share/cmake/Torch/TorchConfig.cmake:68 (find_package)
  CMakeLists.txt:17 (find_package)
This warning is for project developers.  Use -Wno-dev to suppress it.
[0m
[33mCMake Warning at /opt/libtorch/share/cmake/Caffe2/public/cuda.cmake:184 (message):
  Cannot find NVTX3, find old NVTX instead
Call Stack (most recent call first):
  /opt/libtorch/share/cmake/Caffe2/Caffe2Config.cmake:86 (include)
  /opt/libtorch/share/cmake/Torch/TorchConfig.cmake:68 (find_package)
  CMakeLists.txt:17 (find_package)

[0m
-- Could NOT find nvtx3 (missing: nvtx3_dir) 
-- USE_CUDNN is set to 0. Compiling without cuDNN support
-- USE_CUSPARSELT is set to 0. Compiling without cuSPARSELt support
-- USE_CUDSS is set to 0. Compiling without cuDSS support
-- USE_CUFILE is set to 0. Compiling without cuFile support
-- Automatic GPU detection failed. Building for common architectures.
-- Autodetected CUDA architecture(s): 5.0;8.0;8.6;8.9;9.0;9.0a
-- Added CUDA NVCC flags for: -gencode;arch=compute_50,code=sm_50;-gencode;arch=compute_80,code=sm_80;-gencode;arch=compute_86,code=sm_86;-gencode;arch=compute_89,code=sm_89;-gencode;arch=compute_90,code=sm_90;-gencode;arch=compute_90a,code=sm_90a
-- Found ament_lint_auto: 0.12.11 (/opt/ros/humble/share/ament_lint_auto/cmake)
-- Added test 'cppcheck' to perform static code analysis on C / C++ code
-- Configured cppcheck include dirs: 
-- Configured cppcheck exclude dirs and/or files: 
-- Added test 'lint_cmake' to check CMake code style
-- Added test 'uncrustify' to check C / C++ code style
-- Configured uncrustify additional arguments: 
-- Added test 'xmllint' to check XML markup files
-- Configuring done
-- Generating done
-- Build files have been written to: /home/purvanya/projects/perception_summer/build/cone_tracker
[35m[1mConsolidate compiler generated dependencies of target main[0m
[ 50%] [32mBuilding CXX object CMakeFiles/main.dir/src/main.cpp.o[0m
[100%] [32m[1mLinking CXX executable main[0m
[100%] Built target main
-- Install configuration: ""
-- Installing: /home/purvanya/projects/perception_summer/install/cone_tracker/lib/cone_tracker/main
-- Set runtime path of "/home/purvanya/projects/perception_summer/install/cone_tracker/lib/cone_tracker/main" to ""
-- Up-to-date: /home/purvanya/projects/perception_summer/install/cone_tracker/share/ament_index/resource_index/package_run_dependencies/cone_tracker
-- Installing: /home/purvanya/projects/perception_summer/install/cone_tracker/share/ament_index/resource_index/parent_prefix_path/cone_tracker
-- Up-to-date: /home/purvanya/projects/perception_summer/install/cone_tracker/share/cone_tracker/environment/ament_prefix_path.sh
-- Installing: /home/purvanya/projects/perception_summer/install/cone_tracker/share/cone_tracker/environment/ament_prefix_path.dsv
-- Up-to-date: /home/purvanya/projects/perception_summer/install/cone_tracker/share/cone_tracker/environment/path.sh
-- Installing: /home/purvanya/projects/perception_summer/install/cone_tracker/share/cone_tracker/environment/path.dsv
-- Up-to-date: /home/purvanya/projects/perception_summer/install/cone_tracker/share/cone_tracker/local_setup.bash
-- Up-to-date: /home/purvanya/projects/perception_summer/install/cone_tracker/share/cone_tracker/local_setup.sh
-- Up-to-date: /home/purvanya/projects/perception_summer/install/cone_tracker/share/cone_tracker/local_setup.zsh
-- Installing: /home/purvanya/projects/perception_summer/install/cone_tracker/share/cone_tracker/local_setup.dsv
-- Installing: /home/purvanya/projects/perception_summer/install/cone_tracker/share/cone_tracker/package.dsv
-- Up-to-date: /home/purvanya/projects/perception_summer/install/cone_tracker/share/ament_index/resource_index/packages/cone_tracker
-- Up-to-date: /home/purvanya/projects/perception_summer/install/cone_tracker/share/cone_tracker/cmake/cone_trackerConfig.cmake
-- Up-to-date: /home/purvanya/projects/perception_summer/install/cone_tracker/share/cone_tracker/cmake/cone_trackerConfig-version.cmake
-- Up-to-date: /home/purvanya/projects/perception_summer/install/cone_tracker/share/cone_tracker/package.xml
