[0.012s] Invoking command in '/home/purvanya/projects/perception_summer/build/cone_tracker': CMAKE_PREFIX_PATH=${CMAKE_PREFIX_PATH}:/home/purvanya/projects/EUFS/install/eufs_launcher:/home/purvanya/projects/EUFS/install/eufs_tracks:/home/purvanya/projects/EUFS/install/eufs_rqt:/home/purvanya/projects/EUFS/install/eufs_racecar:/opt/ros/humble /usr/bin/cmake /home/purvanya/projects/perception_summer/src/cone_tracker -DCMAKE_INSTALL_PREFIX=/home/purvanya/projects/perception_summer/install/cone_tracker
[0.020s] -- Found ament_cmake: 1.3.11 (/opt/ros/humble/share/ament_cmake/cmake)
[0.113s] -- Found rclcpp: 16.0.11 (/opt/ros/humble/share/rclcpp/cmake)
[0.133s] -- Found rosidl_generator_c: 3.1.6 (/opt/ros/humble/share/rosidl_generator_c/cmake)
[0.134s] -- Found rosidl_adapter: 3.1.6 (/opt/ros/humble/share/rosidl_adapter/cmake)
[0.138s] -- Found rosidl_generator_cpp: 3.1.6 (/opt/ros/humble/share/rosidl_generator_cpp/cmake)
[0.144s] -- Using all available rosidl_typesupport_c: rosidl_typesupport_fastrtps_c;rosidl_typesupport_introspection_c
[0.152s] -- Using all available rosidl_typesupport_cpp: rosidl_typesupport_fastrtps_cpp;rosidl_typesupport_introspection_cpp
[0.173s] -- Found rmw_implementation_cmake: 6.1.2 (/opt/ros/humble/share/rmw_implementation_cmake/cmake)
[0.174s] -- Found rmw_fastrtps_cpp: 6.2.7 (/opt/ros/humble/share/rmw_fastrtps_cpp/cmake)
[0.253s] -- Using RMW implementation 'rmw_fastrtps_cpp' as default
[1.027s] -- The CUDA compiler identification is NVIDIA 12.6.20
[1.032s] -- Detecting CUDA compiler ABI info
[1.657s] -- Detecting CUDA compiler ABI info - done
[1.678s] -- Check for working CUDA compiler: /usr/local/cuda/bin/nvcc - skipped
[1.678s] -- Detecting CUDA compile features
[1.679s] -- Detecting CUDA compile features - done
[1.681s] -- Found CUDAToolkit: /usr/local/cuda/include (found version "12.6.20") 
[1.707s] -- PyTorch: CUDA detected: 12.6
[1.707s] -- PyTorch: CUDA nvcc is: /usr/local/cuda/bin/nvcc
[1.707s] -- PyTorch: CUDA toolkit directory: /usr/local/cuda
[1.829s] -- PyTorch: Header version is: 12.6
[1.979s] -- Found Python: /usr/bin/python3.10 (found version "3.10.12") found components: Interpreter 
[1.983s] [33mCMake Warning at /opt/libtorch/share/cmake/Caffe2/public/cuda.cmake:140 (message):
[1.983s]   Failed to compute shorthash for libnvrtc.so
[1.983s] Call Stack (most recent call first):
[1.983s]   /opt/libtorch/share/cmake/Caffe2/Caffe2Config.cmake:86 (include)
[1.983s]   /opt/libtorch/share/cmake/Torch/TorchConfig.cmake:68 (find_package)
[1.983s]   CMakeLists.txt:17 (find_package)
[1.983s] 
[1.983s] [0m
[1.983s] [33mCMake Warning (dev) at /usr/share/cmake-3.22/Modules/FindPackageHandleStandardArgs.cmake:438 (message):
[1.983s]   The package name passed to `find_package_handle_standard_args` (nvtx3) does
[1.983s]   not match the name of the calling package (Caffe2).  This can lead to
[1.983s]   problems in calling code that expects `find_package` result variables
[1.983s]   (e.g., `_FOUND`) to follow a certain pattern.
[1.983s] Call Stack (most recent call first):
[1.983s]   /opt/libtorch/share/cmake/Caffe2/public/cuda.cmake:178 (find_package_handle_standard_args)
[1.983s]   /opt/libtorch/share/cmake/Caffe2/Caffe2Config.cmake:86 (include)
[1.984s]   /opt/libtorch/share/cmake/Torch/TorchConfig.cmake:68 (find_package)
[1.984s]   CMakeLists.txt:17 (find_package)
[1.984s] This warning is for project developers.  Use -Wno-dev to suppress it.
[1.984s] [0m
[1.984s] [33mCMake Warning at /opt/libtorch/share/cmake/Caffe2/public/cuda.cmake:184 (message):
[1.984s]   Cannot find NVTX3, find old NVTX instead
[1.984s] Call Stack (most recent call first):
[1.984s]   /opt/libtorch/share/cmake/Caffe2/Caffe2Config.cmake:86 (include)
[1.984s]   /opt/libtorch/share/cmake/Torch/TorchConfig.cmake:68 (find_package)
[1.984s]   CMakeLists.txt:17 (find_package)
[1.984s] 
[1.984s] [0m
[1.984s] -- Could NOT find nvtx3 (missing: nvtx3_dir) 
[1.984s] -- USE_CUDNN is set to 0. Compiling without cuDNN support
[1.984s] -- USE_CUSPARSELT is set to 0. Compiling without cuSPARSELt support
[1.984s] -- USE_CUDSS is set to 0. Compiling without cuDSS support
[1.984s] -- USE_CUFILE is set to 0. Compiling without cuFile support
[2.645s] -- Automatic GPU detection failed. Building for common architectures.
[2.646s] -- Autodetected CUDA architecture(s): 5.0;8.0;8.6;8.9;9.0;9.0a
[2.646s] -- Added CUDA NVCC flags for: -gencode;arch=compute_50,code=sm_50;-gencode;arch=compute_80,code=sm_80;-gencode;arch=compute_86,code=sm_86;-gencode;arch=compute_89,code=sm_89;-gencode;arch=compute_90,code=sm_90;-gencode;arch=compute_90a,code=sm_90a
[2.665s] -- Found Torch: /opt/libtorch/lib/libtorch.so  
[2.667s] -- Found ament_lint_auto: 0.12.11 (/opt/ros/humble/share/ament_lint_auto/cmake)
[2.727s] -- Added test 'cppcheck' to perform static code analysis on C / C++ code
[2.727s] -- Configured cppcheck include dirs: 
[2.727s] -- Configured cppcheck exclude dirs and/or files: 
[2.727s] -- Added test 'lint_cmake' to check CMake code style
[2.728s] -- Added test 'uncrustify' to check C / C++ code style
[2.728s] -- Configured uncrustify additional arguments: 
[2.729s] -- Added test 'xmllint' to check XML markup files
[2.730s] -- Configuring done
[2.738s] -- Generating done
[2.740s] -- Build files have been written to: /home/purvanya/projects/perception_summer/build/cone_tracker
[2.747s] Invoked command in '/home/purvanya/projects/perception_summer/build/cone_tracker' returned '0': CMAKE_PREFIX_PATH=${CMAKE_PREFIX_PATH}:/home/purvanya/projects/EUFS/install/eufs_launcher:/home/purvanya/projects/EUFS/install/eufs_tracks:/home/purvanya/projects/EUFS/install/eufs_rqt:/home/purvanya/projects/EUFS/install/eufs_racecar:/opt/ros/humble /usr/bin/cmake /home/purvanya/projects/perception_summer/src/cone_tracker -DCMAKE_INSTALL_PREFIX=/home/purvanya/projects/perception_summer/install/cone_tracker
[2.748s] Invoking command in '/home/purvanya/projects/perception_summer/build/cone_tracker': CMAKE_PREFIX_PATH=${CMAKE_PREFIX_PATH}:/home/purvanya/projects/EUFS/install/eufs_launcher:/home/purvanya/projects/EUFS/install/eufs_tracks:/home/purvanya/projects/EUFS/install/eufs_rqt:/home/purvanya/projects/EUFS/install/eufs_racecar:/opt/ros/humble /usr/bin/cmake --build /home/purvanya/projects/perception_summer/build/cone_tracker -- -j12 -l12
[2.797s] [ 50%] [32mBuilding CXX object CMakeFiles/main.dir/src/main.cpp.o[0m
[12.981s] [100%] [32m[1mLinking CXX executable main[0m
[14.366s] [100%] Built target main
[14.380s] Invoked command in '/home/purvanya/projects/perception_summer/build/cone_tracker' returned '0': CMAKE_PREFIX_PATH=${CMAKE_PREFIX_PATH}:/home/purvanya/projects/EUFS/install/eufs_launcher:/home/purvanya/projects/EUFS/install/eufs_tracks:/home/purvanya/projects/EUFS/install/eufs_rqt:/home/purvanya/projects/EUFS/install/eufs_racecar:/opt/ros/humble /usr/bin/cmake --build /home/purvanya/projects/perception_summer/build/cone_tracker -- -j12 -l12
[14.396s] Invoking command in '/home/purvanya/projects/perception_summer/build/cone_tracker': CMAKE_PREFIX_PATH=${CMAKE_PREFIX_PATH}:/home/purvanya/projects/EUFS/install/eufs_launcher:/home/purvanya/projects/EUFS/install/eufs_tracks:/home/purvanya/projects/EUFS/install/eufs_rqt:/home/purvanya/projects/EUFS/install/eufs_racecar:/opt/ros/humble /usr/bin/cmake --install /home/purvanya/projects/perception_summer/build/cone_tracker
[14.407s] -- Install configuration: ""
[14.407s] -- Installing: /home/purvanya/projects/perception_summer/install/cone_tracker/lib/cone_tracker/main
[14.408s] -- Set runtime path of "/home/purvanya/projects/perception_summer/install/cone_tracker/lib/cone_tracker/main" to ""
[14.408s] -- Installing: /home/purvanya/projects/perception_summer/install/cone_tracker/share/ament_index/resource_index/package_run_dependencies/cone_tracker
[14.408s] -- Installing: /home/purvanya/projects/perception_summer/install/cone_tracker/share/ament_index/resource_index/parent_prefix_path/cone_tracker
[14.408s] -- Installing: /home/purvanya/projects/perception_summer/install/cone_tracker/share/cone_tracker/environment/ament_prefix_path.sh
[14.409s] -- Installing: /home/purvanya/projects/perception_summer/install/cone_tracker/share/cone_tracker/environment/ament_prefix_path.dsv
[14.409s] -- Installing: /home/purvanya/projects/perception_summer/install/cone_tracker/share/cone_tracker/environment/path.sh
[14.409s] -- Installing: /home/purvanya/projects/perception_summer/install/cone_tracker/share/cone_tracker/environment/path.dsv
[14.409s] -- Installing: /home/purvanya/projects/perception_summer/install/cone_tracker/share/cone_tracker/local_setup.bash
[14.409s] -- Installing: /home/purvanya/projects/perception_summer/install/cone_tracker/share/cone_tracker/local_setup.sh
[14.409s] -- Installing: /home/purvanya/projects/perception_summer/install/cone_tracker/share/cone_tracker/local_setup.zsh
[14.410s] -- Installing: /home/purvanya/projects/perception_summer/install/cone_tracker/share/cone_tracker/local_setup.dsv
[14.410s] -- Installing: /home/purvanya/projects/perception_summer/install/cone_tracker/share/cone_tracker/package.dsv
[14.410s] -- Installing: /home/purvanya/projects/perception_summer/install/cone_tracker/share/ament_index/resource_index/packages/cone_tracker
[14.410s] -- Installing: /home/purvanya/projects/perception_summer/install/cone_tracker/share/cone_tracker/cmake/cone_trackerConfig.cmake
[14.410s] -- Installing: /home/purvanya/projects/perception_summer/install/cone_tracker/share/cone_tracker/cmake/cone_trackerConfig-version.cmake
[14.410s] -- Installing: /home/purvanya/projects/perception_summer/install/cone_tracker/share/cone_tracker/package.xml
[14.411s] Invoked command in '/home/purvanya/projects/perception_summer/build/cone_tracker' returned '0': CMAKE_PREFIX_PATH=${CMAKE_PREFIX_PATH}:/home/purvanya/projects/EUFS/install/eufs_launcher:/home/purvanya/projects/EUFS/install/eufs_tracks:/home/purvanya/projects/EUFS/install/eufs_rqt:/home/purvanya/projects/EUFS/install/eufs_racecar:/opt/ros/humble /usr/bin/cmake --install /home/purvanya/projects/perception_summer/build/cone_tracker
