[0.011s] Invoking command in '/home/purvanya/projects/perception_summer/build/cone_tracker': CMAKE_PREFIX_PATH=${CMAKE_PREFIX_PATH}:/home/purvanya/projects/EUFS/install/eufs_launcher:/home/purvanya/projects/EUFS/install/eufs_tracks:/home/purvanya/projects/EUFS/install/eufs_rqt:/home/purvanya/projects/EUFS/install/eufs_racecar:/opt/ros/humble /usr/bin/cmake /home/purvanya/projects/perception_summer/src/cone_tracker -DCMAKE_INSTALL_PREFIX=/home/purvanya/projects/perception_summer/install/cone_tracker
[0.056s] -- The C compiler identification is GNU 11.4.0
[0.115s] -- The CXX compiler identification is GNU 11.4.0
[0.122s] -- Detecting C compiler ABI info
[0.181s] -- Detecting C compiler ABI info - done
[0.187s] -- Check for working C compiler: /usr/bin/cc - skipped
[0.187s] -- Detecting C compile features
[0.187s] -- Detecting C compile features - done
[0.189s] -- Detecting CXX compiler ABI info
[0.262s] -- Detecting CXX compiler ABI info - done
[0.267s] -- Check for working CXX compiler: /usr/bin/c++ - skipped
[0.267s] -- Detecting CXX compile features
[0.267s] -- Detecting CXX compile features - done
[0.269s] -- Found ament_cmake: 1.3.11 (/opt/ros/humble/share/ament_cmake/cmake)
[0.392s] -- Found Python3: /usr/bin/python3 (found version "3.10.12") found components: Interpreter 
[0.460s] -- Found rclcpp: 16.0.11 (/opt/ros/humble/share/rclcpp/cmake)
[0.491s] -- Found rosidl_generator_c: 3.1.6 (/opt/ros/humble/share/rosidl_generator_c/cmake)
[0.494s] -- Found rosidl_adapter: 3.1.6 (/opt/ros/humble/share/rosidl_adapter/cmake)
[0.500s] -- Found rosidl_generator_cpp: 3.1.6 (/opt/ros/humble/share/rosidl_generator_cpp/cmake)
[0.509s] -- Using all available rosidl_typesupport_c: rosidl_typesupport_fastrtps_c;rosidl_typesupport_introspection_c
[0.520s] -- Using all available rosidl_typesupport_cpp: rosidl_typesupport_fastrtps_cpp;rosidl_typesupport_introspection_cpp
[0.552s] -- Found rmw_implementation_cmake: 6.1.2 (/opt/ros/humble/share/rmw_implementation_cmake/cmake)
[0.554s] -- Found rmw_fastrtps_cpp: 6.2.7 (/opt/ros/humble/share/rmw_fastrtps_cpp/cmake)
[0.631s] -- Found OpenSSL: /usr/lib/x86_64-linux-gnu/libcrypto.so (found version "3.0.2")  
[0.653s] -- Found FastRTPS: /opt/ros/humble/include  
[0.686s] -- Using RMW implementation 'rmw_fastrtps_cpp' as default
[0.692s] -- Looking for pthread.h
[0.763s] -- Looking for pthread.h - found
[0.763s] -- Performing Test CMAKE_HAVE_LIBC_PTHREAD
[0.851s] -- Performing Test CMAKE_HAVE_LIBC_PTHREAD - Success
[0.852s] -- Found Threads: TRUE  
[0.910s] -- Found CUDA: /usr/local/cuda (found version "12.6") 
[0.956s] -- The CUDA compiler identification is unknown
[0.958s] [31mCMake Error at /opt/libtorch/share/cmake/Caffe2/public/cuda.cmake:47 (enable_language):
[0.958s]   No CMAKE_CUDA_COMPILER could be found.
[0.958s] 
[0.958s]   Tell CMake where to find the compiler by setting either the environment
[0.958s]   variable "CUDACXX" or the CMake cache entry CMAKE_CUDA_COMPILER to the full
[0.958s]   path to the compiler, or to the compiler name if it is in the PATH.
[0.958s] Call Stack (most recent call first):
[0.958s]   /opt/libtorch/share/cmake/Caffe2/Caffe2Config.cmake:86 (include)
[0.958s]   /opt/libtorch/share/cmake/Torch/TorchConfig.cmake:68 (find_package)
[0.958s]   CMakeLists.txt:17 (find_package)
[0.959s] 
[0.959s] [0m
[0.960s] -- Configuring incomplete, errors occurred!
[0.960s] See also "/home/purvanya/projects/perception_summer/build/cone_tracker/CMakeFiles/CMakeOutput.log".
[0.960s] See also "/home/purvanya/projects/perception_summer/build/cone_tracker/CMakeFiles/CMakeError.log".
[0.974s] Invoked command in '/home/purvanya/projects/perception_summer/build/cone_tracker' returned '1': CMAKE_PREFIX_PATH=${CMAKE_PREFIX_PATH}:/home/purvanya/projects/EUFS/install/eufs_launcher:/home/purvanya/projects/EUFS/install/eufs_tracks:/home/purvanya/projects/EUFS/install/eufs_rqt:/home/purvanya/projects/EUFS/install/eufs_racecar:/opt/ros/humble /usr/bin/cmake /home/purvanya/projects/perception_summer/src/cone_tracker -DCMAKE_INSTALL_PREFIX=/home/purvanya/projects/perception_summer/install/cone_tracker
