running egg_info
creating ../../build/perception_summer/perception_summer.egg-info
writing ../../build/perception_summer/perception_summer.egg-info/PKG-INFO
writing dependency_links to ../../build/perception_summer/perception_summer.egg-info/dependency_links.txt
writing entry points to ../../build/perception_summer/perception_summer.egg-info/entry_points.txt
writing requirements to ../../build/perception_summer/perception_summer.egg-info/requires.txt
writing top-level names to ../../build/perception_summer/perception_summer.egg-info/top_level.txt
writing manifest file '../../build/perception_summer/perception_summer.egg-info/SOURCES.txt'
reading manifest file '../../build/perception_summer/perception_summer.egg-info/SOURCES.txt'
writing manifest file '../../build/perception_summer/perception_summer.egg-info/SOURCES.txt'
running build
running build_py
creating /home/purvanya/projects/perception_summer/build/perception_summer/build
creating /home/purvanya/projects/perception_summer/build/perception_summer/build/lib
creating /home/purvanya/projects/perception_summer/build/perception_summer/build/lib/perception_summer
copying perception_summer/main.py -> /home/purvanya/projects/perception_summer/build/perception_summer/build/lib/perception_summer
copying perception_summer/__init__.py -> /home/purvanya/projects/perception_summer/build/perception_summer/build/lib/perception_summer
running install
running install_lib
creating /home/purvanya/projects/perception_summer/install/perception_summer/lib/python3.10/site-packages/perception_summer
copying /home/purvanya/projects/perception_summer/build/perception_summer/build/lib/perception_summer/main.py -> /home/purvanya/projects/perception_summer/install/perception_summer/lib/python3.10/site-packages/perception_summer
copying /home/purvanya/projects/perception_summer/build/perception_summer/build/lib/perception_summer/__init__.py -> /home/purvanya/projects/perception_summer/install/perception_summer/lib/python3.10/site-packages/perception_summer
byte-compiling /home/purvanya/projects/perception_summer/install/perception_summer/lib/python3.10/site-packages/perception_summer/main.py to main.cpython-310.pyc
byte-compiling /home/purvanya/projects/perception_summer/install/perception_summer/lib/python3.10/site-packages/perception_summer/__init__.py to __init__.cpython-310.pyc
running install_data
creating /home/purvanya/projects/perception_summer/install/perception_summer/share/ament_index
creating /home/purvanya/projects/perception_summer/install/perception_summer/share/ament_index/resource_index
creating /home/purvanya/projects/perception_summer/install/perception_summer/share/ament_index/resource_index/packages
copying resource/perception_summer -> /home/purvanya/projects/perception_summer/install/perception_summer/share/ament_index/resource_index/packages
copying package.xml -> /home/purvanya/projects/perception_summer/install/perception_summer/share/perception_summer
running install_egg_info
Copying ../../build/perception_summer/perception_summer.egg-info to /home/purvanya/projects/perception_summer/install/perception_summer/lib/python3.10/site-packages/perception_summer-0.0.0-py3.10.egg-info
running install_scripts
Installing main script to /home/purvanya/projects/perception_summer/install/perception_summer/lib/perception_summer
writing list of installed files to '/home/purvanya/projects/perception_summer/build/perception_summer/install.log'
