[0.493s] Invoking command in '/home/purvanya/projects/perception_summer/src/perception_summer': PYTHONPATH=/home/purvanya/projects/perception_summer/build/perception_summer/prefix_override:/usr/lib/python3/dist-packages/colcon_core/task/python/colcon_distutils_commands:/home/purvanya/projects/perception_summer/install/perception_summer/lib/python3.10/site-packages:${PYTHONPATH} /usr/bin/python3 -W ignore:setup.py install is deprecated -W ignore:easy_install command is deprecated setup.py egg_info --egg-base ../../build/perception_summer build --build-base /home/purvanya/projects/perception_summer/build/perception_summer/build install --record /home/purvanya/projects/perception_summer/build/perception_summer/install.log --single-version-externally-managed install_data
[0.664s] running egg_info
[0.664s] creating ../../build/perception_summer/perception_summer.egg-info
[0.664s] writing ../../build/perception_summer/perception_summer.egg-info/PKG-INFO
[0.664s] writing dependency_links to ../../build/perception_summer/perception_summer.egg-info/dependency_links.txt
[0.664s] writing entry points to ../../build/perception_summer/perception_summer.egg-info/entry_points.txt
[0.664s] writing requirements to ../../build/perception_summer/perception_summer.egg-info/requires.txt
[0.664s] writing top-level names to ../../build/perception_summer/perception_summer.egg-info/top_level.txt
[0.665s] writing manifest file '../../build/perception_summer/perception_summer.egg-info/SOURCES.txt'
[0.665s] reading manifest file '../../build/perception_summer/perception_summer.egg-info/SOURCES.txt'
[0.666s] writing manifest file '../../build/perception_summer/perception_summer.egg-info/SOURCES.txt'
[0.666s] running build
[0.666s] running build_py
[0.666s] creating /home/purvanya/projects/perception_summer/build/perception_summer/build
[0.666s] creating /home/purvanya/projects/perception_summer/build/perception_summer/build/lib
[0.666s] creating /home/purvanya/projects/perception_summer/build/perception_summer/build/lib/perception_summer
[0.666s] copying perception_summer/main.py -> /home/purvanya/projects/perception_summer/build/perception_summer/build/lib/perception_summer
[0.666s] copying perception_summer/__init__.py -> /home/purvanya/projects/perception_summer/build/perception_summer/build/lib/perception_summer
[0.666s] running install
[0.666s] running install_lib
[0.667s] creating /home/purvanya/projects/perception_summer/install/perception_summer/lib/python3.10/site-packages/perception_summer
[0.667s] copying /home/purvanya/projects/perception_summer/build/perception_summer/build/lib/perception_summer/main.py -> /home/purvanya/projects/perception_summer/install/perception_summer/lib/python3.10/site-packages/perception_summer
[0.667s] copying /home/purvanya/projects/perception_summer/build/perception_summer/build/lib/perception_summer/__init__.py -> /home/purvanya/projects/perception_summer/install/perception_summer/lib/python3.10/site-packages/perception_summer
[0.667s] byte-compiling /home/purvanya/projects/perception_summer/install/perception_summer/lib/python3.10/site-packages/perception_summer/main.py to main.cpython-310.pyc
[0.667s] byte-compiling /home/purvanya/projects/perception_summer/install/perception_summer/lib/python3.10/site-packages/perception_summer/__init__.py to __init__.cpython-310.pyc
[0.667s] running install_data
[0.668s] creating /home/purvanya/projects/perception_summer/install/perception_summer/share/ament_index
[0.668s] creating /home/purvanya/projects/perception_summer/install/perception_summer/share/ament_index/resource_index
[0.668s] creating /home/purvanya/projects/perception_summer/install/perception_summer/share/ament_index/resource_index/packages
[0.668s] copying resource/perception_summer -> /home/purvanya/projects/perception_summer/install/perception_summer/share/ament_index/resource_index/packages
[0.668s] copying package.xml -> /home/purvanya/projects/perception_summer/install/perception_summer/share/perception_summer
[0.668s] running install_egg_info
[0.669s] Copying ../../build/perception_summer/perception_summer.egg-info to /home/purvanya/projects/perception_summer/install/perception_summer/lib/python3.10/site-packages/perception_summer-0.0.0-py3.10.egg-info
[0.669s] running install_scripts
[0.684s] Installing main script to /home/purvanya/projects/perception_summer/install/perception_summer/lib/perception_summer
[0.684s] writing list of installed files to '/home/purvanya/projects/perception_summer/build/perception_summer/install.log'
[0.703s] Invoked command in '/home/purvanya/projects/perception_summer/src/perception_summer' returned '0': PYTHONPATH=/home/purvanya/projects/perception_summer/build/perception_summer/prefix_override:/usr/lib/python3/dist-packages/colcon_core/task/python/colcon_distutils_commands:/home/purvanya/projects/perception_summer/install/perception_summer/lib/python3.10/site-packages:${PYTHONPATH} /usr/bin/python3 -W ignore:setup.py install is deprecated -W ignore:easy_install command is deprecated setup.py egg_info --egg-base ../../build/perception_summer build --build-base /home/purvanya/projects/perception_summer/build/perception_summer/build install --record /home/purvanya/projects/perception_summer/build/perception_summer/install.log --single-version-externally-managed install_data
