[0.012s] Invoking command in '/home/purvanya/projects/perception_summer/build/cone_tracker': CMAKE_PREFIX_PATH=${CMAKE_PREFIX_PATH}:/home/purvanya/projects/EUFS/install/eufs_launcher:/home/purvanya/projects/EUFS/install/eufs_tracks:/home/purvanya/projects/EUFS/install/eufs_rqt:/home/purvanya/projects/EUFS/install/eufs_racecar:/opt/ros/humble /usr/bin/cmake /home/purvanya/projects/perception_summer/src/cone_tracker -DCMAKE_INSTALL_PREFIX=/home/purvanya/projects/perception_summer/install/cone_tracker
[0.066s] -- The C compiler identification is GNU 11.4.0
[0.109s] -- The CXX compiler identification is GNU 11.4.0
[0.115s] -- Detecting C compiler ABI info
[0.169s] -- Detecting C compiler ABI info - done
[0.175s] -- Check for working C compiler: /usr/bin/cc - skipped
[0.175s] -- Detecting C compile features
[0.176s] -- Detecting C compile features - done
[0.177s] -- Detecting CXX compiler ABI info
[0.244s] -- Detecting CXX compiler ABI info - done
[0.249s] -- Check for working CXX compiler: /usr/bin/c++ - skipped
[0.249s] -- Detecting CXX compile features
[0.250s] -- Detecting CXX compile features - done
[0.251s] -- Found ament_cmake: 1.3.11 (/opt/ros/humble/share/ament_cmake/cmake)
[0.382s] -- Found Python3: /usr/bin/python3 (found version "3.10.12") found components: Interpreter 
[0.460s] -- Found rclcpp: 16.0.11 (/opt/ros/humble/share/rclcpp/cmake)
[0.494s] -- Found rosidl_generator_c: 3.1.6 (/opt/ros/humble/share/rosidl_generator_c/cmake)
[0.498s] -- Found rosidl_adapter: 3.1.6 (/opt/ros/humble/share/rosidl_adapter/cmake)
[0.504s] -- Found rosidl_generator_cpp: 3.1.6 (/opt/ros/humble/share/rosidl_generator_cpp/cmake)
[0.513s] -- Using all available rosidl_typesupport_c: rosidl_typesupport_fastrtps_c;rosidl_typesupport_introspection_c
[0.527s] -- Using all available rosidl_typesupport_cpp: rosidl_typesupport_fastrtps_cpp;rosidl_typesupport_introspection_cpp
[0.558s] -- Found rmw_implementation_cmake: 6.1.2 (/opt/ros/humble/share/rmw_implementation_cmake/cmake)
[0.560s] -- Found rmw_fastrtps_cpp: 6.2.7 (/opt/ros/humble/share/rmw_fastrtps_cpp/cmake)
[0.637s] -- Found OpenSSL: /usr/lib/x86_64-linux-gnu/libcrypto.so (found version "3.0.2")  
[0.658s] -- Found FastRTPS: /opt/ros/humble/include  
[0.694s] -- Using RMW implementation 'rmw_fastrtps_cpp' as default
[0.700s] -- Looking for pthread.h
[0.776s] -- Looking for pthread.h - found
[0.776s] -- Performing Test CMAKE_HAVE_LIBC_PTHREAD
[0.868s] -- Performing Test CMAKE_HAVE_LIBC_PTHREAD - Success
[0.870s] -- Found Threads: TRUE  
[0.936s] -- Found CUDA: /usr/local/cuda (found version "12.6") 
[1.548s] -- The CUDA compiler identification is NVIDIA 12.6.20
[1.552s] -- Detecting CUDA compiler ABI info
[2.162s] -- Detecting CUDA compiler ABI info - done
[2.183s] -- Check for working CUDA compiler: /usr/local/cuda/bin/nvcc - skipped
[2.183s] -- Detecting CUDA compile features
[2.184s] -- Detecting CUDA compile features - done
[2.185s] -- Found CUDAToolkit: /usr/local/cuda/include (found version "12.6.20") 
[2.210s] -- PyTorch: CUDA detected: 12.6
[2.210s] -- PyTorch: CUDA nvcc is: /usr/local/cuda/bin/nvcc
[2.210s] -- PyTorch: CUDA toolkit directory: /usr/local/cuda
[2.303s] -- PyTorch: Header version is: 12.6
[2.479s] -- Found Python: /usr/bin/python3.10 (found version "3.10.12") found components: Interpreter 
[2.483s] [33mCMake Warning at /opt/libtorch/share/cmake/Caffe2/public/cuda.cmake:140 (message):
[2.484s]   Failed to compute shorthash for libnvrtc.so
[2.484s] Call Stack (most recent call first):
[2.484s]   /opt/libtorch/share/cmake/Caffe2/Caffe2Config.cmake:86 (include)
[2.484s]   /opt/libtorch/share/cmake/Torch/TorchConfig.cmake:68 (find_package)
[2.484s]   CMakeLists.txt:17 (find_package)
[2.484s] 
[2.484s] [0m
[2.484s] [33mCMake Warning (dev) at /usr/share/cmake-3.22/Modules/FindPackageHandleStandardArgs.cmake:438 (message):
[2.484s]   The package name passed to `find_package_handle_standard_args` (nvtx3) does
[2.484s]   not match the name of the calling package (Caffe2).  This can lead to
[2.484s]   problems in calling code that expects `find_package` result variables
[2.484s]   (e.g., `_FOUND`) to follow a certain pattern.
[2.484s] Call Stack (most recent call first):
[2.484s]   /opt/libtorch/share/cmake/Caffe2/public/cuda.cmake:178 (find_package_handle_standard_args)
[2.484s]   /opt/libtorch/share/cmake/Caffe2/Caffe2Config.cmake:86 (include)
[2.484s]   /opt/libtorch/share/cmake/Torch/TorchConfig.cmake:68 (find_package)
[2.484s]   CMakeLists.txt:17 (find_package)
[2.484s] This warning is for project developers.  Use -Wno-dev to suppress it.
[2.485s] [0m
[2.485s] [33mCMake Warning at /opt/libtorch/share/cmake/Caffe2/public/cuda.cmake:184 (message):
[2.485s]   Cannot find NVTX3, find old NVTX instead
[2.485s] Call Stack (most recent call first):
[2.485s]   /opt/libtorch/share/cmake/Caffe2/Caffe2Config.cmake:86 (include)
[2.485s]   /opt/libtorch/share/cmake/Torch/TorchConfig.cmake:68 (find_package)
[2.485s]   CMakeLists.txt:17 (find_package)
[2.485s] 
[2.485s] [0m
[2.485s] -- Could NOT find nvtx3 (missing: nvtx3_dir) 
[2.485s] -- USE_CUDNN is set to 0. Compiling without cuDNN support
[2.485s] -- USE_CUSPARSELT is set to 0. Compiling without cuSPARSELt support
[2.485s] -- USE_CUDSS is set to 0. Compiling without cuDSS support
[2.485s] -- USE_CUFILE is set to 0. Compiling without cuFile support
[3.143s] -- Automatic GPU detection failed. Building for common architectures.
[3.144s] -- Autodetected CUDA architecture(s): 5.0;8.0;8.6;8.9;9.0;9.0a
[3.144s] -- Added CUDA NVCC flags for: -gencode;arch=compute_50,code=sm_50;-gencode;arch=compute_80,code=sm_80;-gencode;arch=compute_86,code=sm_86;-gencode;arch=compute_89,code=sm_89;-gencode;arch=compute_90,code=sm_90;-gencode;arch=compute_90a,code=sm_90a
[3.167s] -- Found Torch: /opt/libtorch/lib/libtorch.so  
[3.169s] -- Found ament_lint_auto: 0.12.11 (/opt/ros/humble/share/ament_lint_auto/cmake)
[3.231s] -- Added test 'cppcheck' to perform static code analysis on C / C++ code
[3.231s] -- Configured cppcheck include dirs: 
[3.231s] -- Configured cppcheck exclude dirs and/or files: 
[3.232s] -- Added test 'lint_cmake' to check CMake code style
[3.232s] -- Added test 'uncrustify' to check C / C++ code style
[3.232s] -- Configured uncrustify additional arguments: 
[3.233s] -- Added test 'xmllint' to check XML markup files
[3.234s] -- Configuring done
[3.240s] -- Generating done
[3.242s] -- Build files have been written to: /home/purvanya/projects/perception_summer/build/cone_tracker
[3.250s] Invoked command in '/home/purvanya/projects/perception_summer/build/cone_tracker' returned '0': CMAKE_PREFIX_PATH=${CMAKE_PREFIX_PATH}:/home/purvanya/projects/EUFS/install/eufs_launcher:/home/purvanya/projects/EUFS/install/eufs_tracks:/home/purvanya/projects/EUFS/install/eufs_rqt:/home/purvanya/projects/EUFS/install/eufs_racecar:/opt/ros/humble /usr/bin/cmake /home/purvanya/projects/perception_summer/src/cone_tracker -DCMAKE_INSTALL_PREFIX=/home/purvanya/projects/perception_summer/install/cone_tracker
[3.252s] Invoking command in '/home/purvanya/projects/perception_summer/build/cone_tracker': CMAKE_PREFIX_PATH=${CMAKE_PREFIX_PATH}:/home/purvanya/projects/EUFS/install/eufs_launcher:/home/purvanya/projects/EUFS/install/eufs_tracks:/home/purvanya/projects/EUFS/install/eufs_rqt:/home/purvanya/projects/EUFS/install/eufs_racecar:/opt/ros/humble /usr/bin/cmake --build /home/purvanya/projects/perception_summer/build/cone_tracker -- -j12 -l12
[3.296s] [ 50%] [32mBuilding CXX object CMakeFiles/main.dir/src/main.cpp.o[0m
[13.402s] [100%] [32m[1mLinking CXX executable main[0m
[14.623s] [100%] Built target main
[14.638s] Invoked command in '/home/purvanya/projects/perception_summer/build/cone_tracker' returned '0': CMAKE_PREFIX_PATH=${CMAKE_PREFIX_PATH}:/home/purvanya/projects/EUFS/install/eufs_launcher:/home/purvanya/projects/EUFS/install/eufs_tracks:/home/purvanya/projects/EUFS/install/eufs_rqt:/home/purvanya/projects/EUFS/install/eufs_racecar:/opt/ros/humble /usr/bin/cmake --build /home/purvanya/projects/perception_summer/build/cone_tracker -- -j12 -l12
[14.651s] Invoking command in '/home/purvanya/projects/perception_summer/build/cone_tracker': CMAKE_PREFIX_PATH=${CMAKE_PREFIX_PATH}:/home/purvanya/projects/EUFS/install/eufs_launcher:/home/purvanya/projects/EUFS/install/eufs_tracks:/home/purvanya/projects/EUFS/install/eufs_rqt:/home/purvanya/projects/EUFS/install/eufs_racecar:/opt/ros/humble /usr/bin/cmake --install /home/purvanya/projects/perception_summer/build/cone_tracker
[14.661s] -- Install configuration: ""
[14.661s] -- Installing: /home/purvanya/projects/perception_summer/install/cone_tracker/lib/cone_tracker/main
[14.662s] -- Set runtime path of "/home/purvanya/projects/perception_summer/install/cone_tracker/lib/cone_tracker/main" to ""
[14.662s] -- Installing: /home/purvanya/projects/perception_summer/install/cone_tracker/share/ament_index/resource_index/package_run_dependencies/cone_tracker
[14.662s] -- Installing: /home/purvanya/projects/perception_summer/install/cone_tracker/share/ament_index/resource_index/parent_prefix_path/cone_tracker
[14.662s] -- Up-to-date: /home/purvanya/projects/perception_summer/install/cone_tracker/share/cone_tracker/environment/ament_prefix_path.sh
[14.662s] -- Installing: /home/purvanya/projects/perception_summer/install/cone_tracker/share/cone_tracker/environment/ament_prefix_path.dsv
[14.662s] -- Up-to-date: /home/purvanya/projects/perception_summer/install/cone_tracker/share/cone_tracker/environment/path.sh
[14.662s] -- Installing: /home/purvanya/projects/perception_summer/install/cone_tracker/share/cone_tracker/environment/path.dsv
[14.663s] -- Installing: /home/purvanya/projects/perception_summer/install/cone_tracker/share/cone_tracker/local_setup.bash
[14.663s] -- Installing: /home/purvanya/projects/perception_summer/install/cone_tracker/share/cone_tracker/local_setup.sh
[14.663s] -- Installing: /home/purvanya/projects/perception_summer/install/cone_tracker/share/cone_tracker/local_setup.zsh
[14.663s] -- Installing: /home/purvanya/projects/perception_summer/install/cone_tracker/share/cone_tracker/local_setup.dsv
[14.663s] -- Installing: /home/purvanya/projects/perception_summer/install/cone_tracker/share/cone_tracker/package.dsv
[14.663s] -- Installing: /home/purvanya/projects/perception_summer/install/cone_tracker/share/ament_index/resource_index/packages/cone_tracker
[14.663s] -- Installing: /home/purvanya/projects/perception_summer/install/cone_tracker/share/cone_tracker/cmake/cone_trackerConfig.cmake
[14.663s] -- Installing: /home/purvanya/projects/perception_summer/install/cone_tracker/share/cone_tracker/cmake/cone_trackerConfig-version.cmake
[14.663s] -- Up-to-date: /home/purvanya/projects/perception_summer/install/cone_tracker/share/cone_tracker/package.xml
[14.665s] Invoked command in '/home/purvanya/projects/perception_summer/build/cone_tracker' returned '0': CMAKE_PREFIX_PATH=${CMAKE_PREFIX_PATH}:/home/purvanya/projects/EUFS/install/eufs_launcher:/home/purvanya/projects/EUFS/install/eufs_tracks:/home/purvanya/projects/EUFS/install/eufs_rqt:/home/purvanya/projects/EUFS/install/eufs_racecar:/opt/ros/humble /usr/bin/cmake --install /home/purvanya/projects/perception_summer/build/cone_tracker
