-- Found ament_cmake: 1.3.11 (/opt/ros/humble/share/ament_cmake/cmake)
-- Found rclcpp: 16.0.11 (/opt/ros/humble/share/rclcpp/cmake)
-- Found rosidl_generator_c: 3.1.6 (/opt/ros/humble/share/rosidl_generator_c/cmake)
-- Found rosidl_adapter: 3.1.6 (/opt/ros/humble/share/rosidl_adapter/cmake)
-- Found rosidl_generator_cpp: 3.1.6 (/opt/ros/humble/share/rosidl_generator_cpp/cmake)
-- Using all available rosidl_typesupport_c: rosidl_typesupport_fastrtps_c;rosidl_typesupport_introspection_c
-- Using all available rosidl_typesupport_cpp: rosidl_typesupport_fastrtps_cpp;rosidl_typesupport_introspection_cpp
-- Found rmw_implementation_cmake: 6.1.2 (/opt/ros/humble/share/rmw_implementation_cmake/cmake)
-- Found rmw_fastrtps_cpp: 6.2.7 (/opt/ros/humble/share/rmw_fastrtps_cpp/cmake)
-- Using RMW implementation 'rmw_fastrtps_cpp' as default
-- Could NOT find CUDA (missing: CUDA_INCLUDE_DIRS CUDA_CUDART_LIBRARY) (found version "12.1")
[33mCMake Warning at /opt/libtorch/share/cmake/Caffe2/public/cuda.cmake:31 (message):
  PyTorch: CUDA cannot be found.  Depending on whether you are building
  PyTorch or a PyTorch dependent library, the next warning / error will give
  you more info.
Call Stack (most recent call first):
  /opt/libtorch/share/cmake/Caffe2/Caffe2Config.cmake:86 (include)
  /opt/libtorch/share/cmake/Torch/TorchConfig.cmake:68 (find_package)
  CMakeLists.txt:17 (find_package)

[0m
[31mCMake Error at /opt/libtorch/share/cmake/Caffe2/Caffe2Config.cmake:90 (message):
  Your installed Caffe2 version uses CUDA but I cannot find the CUDA
  libraries.  Please set the proper CUDA prefixes and / or install CUDA.
Call Stack (most recent call first):
  /opt/libtorch/share/cmake/Torch/TorchConfig.cmake:68 (find_package)
  CMakeLists.txt:17 (find_package)

[0m
-- Configuring incomplete, errors occurred!
See also "/home/purvanya/projects/perception_summer/build/cone_tracker/CMakeFiles/CMakeOutput.log".
gmake: *** [Makefile:267: cmake_check_build_system] Error 1
