running egg_info
creating ../../build/perception_summer/perception_summer.egg-info
writing ../../build/perception_summer/perception_summer.egg-info/PKG-INFO
writing dependency_links to ../../build/perception_summer/perception_summer.egg-info/dependency_links.txt
writing entry points to ../../build/perception_summer/perception_summer.egg-info/entry_points.txt
writing requirements to ../../build/perception_summer/perception_summer.egg-info/requires.txt
writing top-level names to ../../build/perception_summer/perception_summer.egg-info/top_level.txt
writing manifest file '../../build/perception_summer/perception_summer.egg-info/SOURCES.txt'
reading manifest file '../../build/perception_summer/perception_summer.egg-info/SOURCES.txt'
writing manifest file '../../build/perception_summer/perception_summer.egg-info/SOURCES.txt'
running build
running build_py
creating /home/purvanya/projects/perception_summer/build/perception_summer/build
creating /home/purvanya/projects/perception_summer/build/perception_summer/build/lib
creating /home/purvanya/projects/perception_summer/build/perception_summer/build/lib/perception_summer
copying perception_summer/main.py -> /home/purvanya/projects/perception_summer/build/perception_summer/build/lib/perception_summer
copying perception_summer/predict.py -> /home/purvanya/projects/perception_summer/build/perception_summer/build/lib/perception_summer
copying perception_summer/__init__.py -> /home/purvanya/projects/perception_summer/build/perception_summer/build/lib/perception_summer
running install
running install_lib
copying /home/purvanya/projects/perception_summer/build/perception_summer/build/lib/perception_summer/predict.py -> /home/purvanya/projects/perception_summer/install/perception_summer/lib/python3.10/site-packages/perception_summer
byte-compiling /home/purvanya/projects/perception_summer/install/perception_summer/lib/python3.10/site-packages/perception_summer/predict.py to predict.cpython-310.pyc
running install_data
running install_egg_info
removing '/home/purvanya/projects/perception_summer/install/perception_summer/lib/python3.10/site-packages/perception_summer-0.0.0-py3.10.egg-info' (and everything under it)
Copying ../../build/perception_summer/perception_summer.egg-info to /home/purvanya/projects/perception_summer/install/perception_summer/lib/python3.10/site-packages/perception_summer-0.0.0-py3.10.egg-info
running install_scripts
Installing main script to /home/purvanya/projects/perception_summer/install/perception_summer/lib/perception_summer
Installing predict script to /home/purvanya/projects/perception_summer/install/perception_summer/lib/perception_summer
writing list of installed files to '/home/purvanya/projects/perception_summer/build/perception_summer/install.log'
