[0.463s] Invoking command in '/home/purvanya/projects/perception_summer/src/perception_summer': PYTHONPATH=/home/purvanya/projects/perception_summer/build/perception_summer/prefix_override:/usr/lib/python3/dist-packages/colcon_core/task/python/colcon_distutils_commands:/home/purvanya/projects/perception_summer/install/perception_summer/lib/python3.10/site-packages:${PYTHONPATH} /usr/bin/python3 -W ignore:setup.py install is deprecated -W ignore:easy_install command is deprecated setup.py egg_info --egg-base ../../build/perception_summer build --build-base /home/purvanya/projects/perception_summer/build/perception_summer/build install --record /home/purvanya/projects/perception_summer/build/perception_summer/install.log --single-version-externally-managed install_data
[0.639s] running egg_info
[0.639s] creating ../../build/perception_summer/perception_summer.egg-info
[0.639s] writing ../../build/perception_summer/perception_summer.egg-info/PKG-INFO
[0.639s] writing dependency_links to ../../build/perception_summer/perception_summer.egg-info/dependency_links.txt
[0.639s] writing entry points to ../../build/perception_summer/perception_summer.egg-info/entry_points.txt
[0.639s] writing requirements to ../../build/perception_summer/perception_summer.egg-info/requires.txt
[0.639s] writing top-level names to ../../build/perception_summer/perception_summer.egg-info/top_level.txt
[0.640s] writing manifest file '../../build/perception_summer/perception_summer.egg-info/SOURCES.txt'
[0.640s] reading manifest file '../../build/perception_summer/perception_summer.egg-info/SOURCES.txt'
[0.641s] writing manifest file '../../build/perception_summer/perception_summer.egg-info/SOURCES.txt'
[0.641s] running build
[0.641s] running build_py
[0.641s] creating /home/purvanya/projects/perception_summer/build/perception_summer/build
[0.641s] creating /home/purvanya/projects/perception_summer/build/perception_summer/build/lib
[0.641s] creating /home/purvanya/projects/perception_summer/build/perception_summer/build/lib/perception_summer
[0.641s] copying perception_summer/main.py -> /home/purvanya/projects/perception_summer/build/perception_summer/build/lib/perception_summer
[0.642s] copying perception_summer/predict.py -> /home/purvanya/projects/perception_summer/build/perception_summer/build/lib/perception_summer
[0.642s] copying perception_summer/__init__.py -> /home/purvanya/projects/perception_summer/build/perception_summer/build/lib/perception_summer
[0.642s] running install
[0.642s] running install_lib
[0.642s] copying /home/purvanya/projects/perception_summer/build/perception_summer/build/lib/perception_summer/predict.py -> /home/purvanya/projects/perception_summer/install/perception_summer/lib/python3.10/site-packages/perception_summer
[0.642s] byte-compiling /home/purvanya/projects/perception_summer/install/perception_summer/lib/python3.10/site-packages/perception_summer/predict.py to predict.cpython-310.pyc
[0.643s] running install_data
[0.643s] running install_egg_info
[0.644s] removing '/home/purvanya/projects/perception_summer/install/perception_summer/lib/python3.10/site-packages/perception_summer-0.0.0-py3.10.egg-info' (and everything under it)
[0.644s] Copying ../../build/perception_summer/perception_summer.egg-info to /home/purvanya/projects/perception_summer/install/perception_summer/lib/python3.10/site-packages/perception_summer-0.0.0-py3.10.egg-info
[0.644s] running install_scripts
[0.659s] Installing main script to /home/purvanya/projects/perception_summer/install/perception_summer/lib/perception_summer
[0.659s] Installing predict script to /home/purvanya/projects/perception_summer/install/perception_summer/lib/perception_summer
[0.659s] writing list of installed files to '/home/purvanya/projects/perception_summer/build/perception_summer/install.log'
[0.676s] Invoked command in '/home/purvanya/projects/perception_summer/src/perception_summer' returned '0': PYTHONPATH=/home/purvanya/projects/perception_summer/build/perception_summer/prefix_override:/usr/lib/python3/dist-packages/colcon_core/task/python/colcon_distutils_commands:/home/purvanya/projects/perception_summer/install/perception_summer/lib/python3.10/site-packages:${PYTHONPATH} /usr/bin/python3 -W ignore:setup.py install is deprecated -W ignore:easy_install command is deprecated setup.py egg_info --egg-base ../../build/perception_summer build --build-base /home/purvanya/projects/perception_summer/build/perception_summer/build install --record /home/purvanya/projects/perception_summer/build/perception_summer/install.log --single-version-externally-managed install_data
